   1              		.cpu arm7tdmi
   2              		.fpu softvfp
   3              		.eabi_attribute 20, 1
   4              		.eabi_attribute 21, 1
   5              		.eabi_attribute 23, 3
   6              		.eabi_attribute 24, 1
   7              		.eabi_attribute 25, 1
   8              		.eabi_attribute 26, 1
   9              		.eabi_attribute 30, 6
  10              		.eabi_attribute 18, 4
  11              		.file	"gpio.c"
  21              	.Ltext0:
  22              		.file 1 "../gpio.c"
 1698              		.align	2
 1699              		.global	portB_conf
 1701              	portB_conf:
 1702              	.LFB0:
   1:../gpio.c     **** #include "44b.h"
   2:../gpio.c     **** #include "gpio.h"
   3:../gpio.c     **** 
   4:../gpio.c     **** /* Port B interface implementation */
   5:../gpio.c     **** 
   6:../gpio.c     **** int portB_conf(int pin, enum port_mode mode)
   7:../gpio.c     **** {
 1703              		.loc 1 7 0
 1704              		.cfi_startproc
 1705              		@ Function supports interworking.
 1706              		@ args = 0, pretend = 0, frame = 16
 1707              		@ frame_needed = 1, uses_anonymous_args = 0
 1708 0000 0DC0A0E1 		mov	ip, sp
 1709              	.LCFI0:
 1710              		.cfi_def_cfa_register 12
 1711 0004 00D82DE9 		stmfd	sp!, {fp, ip, lr, pc}
 1712 0008 04B04CE2 		sub	fp, ip, #4
 1713              		.cfi_offset 14, -8
 1714              		.cfi_offset 13, -12
 1715              		.cfi_offset 11, -16
 1716              	.LCFI1:
 1717              		.cfi_def_cfa 11, 4
 1718 000c 10D04DE2 		sub	sp, sp, #16
 1719 0010 18000BE5 		str	r0, [fp, #-24]
 1720 0014 0130A0E1 		mov	r3, r1
 1721 0018 19304BE5 		strb	r3, [fp, #-25]
   8:../gpio.c     **** 	int ret = 0;
 1722              		.loc 1 8 0
 1723 001c 0030A0E3 		mov	r3, #0
 1724 0020 10300BE5 		str	r3, [fp, #-16]
   9:../gpio.c     **** 	if (pin < 0 || pin > 10)
 1725              		.loc 1 9 0
 1726 0024 18301BE5 		ldr	r3, [fp, #-24]
 1727 0028 000053E3 		cmp	r3, #0
 1728 002c 020000BA 		blt	.L2
 1729              		.loc 1 9 0 is_stmt 0 discriminator 1
 1730 0030 18301BE5 		ldr	r3, [fp, #-24]
 1731 0034 0A0053E3 		cmp	r3, #10
 1732 0038 010000DA 		ble	.L3
 1733              	.L2:
  10:../gpio.c     **** 		return -1;
 1734              		.loc 1 10 0 is_stmt 1
 1735 003c 0030E0E3 		mvn	r3, #0
 1736 0040 1B0000EA 		b	.L4
 1737              	.L3:
  11:../gpio.c     **** 
  12:../gpio.c     **** 	if (mode == SIGOUT)
 1738              		.loc 1 12 0
 1739 0044 19305BE5 		ldrb	r3, [fp, #-25]	@ zero_extendqisi2
 1740 0048 020053E3 		cmp	r3, #2
 1741 004c 0800001A 		bne	.L5
  13:../gpio.c     **** 		//COMPLETAR: Configurar el pin del puerto B
  14:../gpio.c     **** 		//para que salga la senal correspondiente del controlador de memoria
  15:../gpio.c     **** 		rPCONB|=(0x1<<pin);
 1742              		.loc 1 15 0
 1743 0050 6C309FE5 		ldr	r3, .L8
 1744 0054 68209FE5 		ldr	r2, .L8
 1745 0058 001092E5 		ldr	r1, [r2, #0]
 1746 005c 0100A0E3 		mov	r0, #1
 1747 0060 18201BE5 		ldr	r2, [fp, #-24]
 1748 0064 1022A0E1 		mov	r2, r0, asl r2
 1749 0068 022081E1 		orr	r2, r1, r2
 1750 006c 002083E5 		str	r2, [r3, #0]
 1751 0070 0E0000EA 		b	.L6
 1752              	.L5:
  16:../gpio.c     **** 	else if (mode == OUTPUT)
 1753              		.loc 1 16 0
 1754 0074 19305BE5 		ldrb	r3, [fp, #-25]	@ zero_extendqisi2
 1755 0078 010053E3 		cmp	r3, #1
 1756 007c 0900001A 		bne	.L7
  17:../gpio.c     **** 		///COMPLETAR: Configurar el pin del puerto B
  18:../gpio.c     **** 		//para que sea de salida
  19:../gpio.c     **** 		rPCONB &=~(0x1<<pin);
 1757              		.loc 1 19 0
 1758 0080 3C309FE5 		ldr	r3, .L8
 1759 0084 38209FE5 		ldr	r2, .L8
 1760 0088 001092E5 		ldr	r1, [r2, #0]
 1761 008c 0100A0E3 		mov	r0, #1
 1762 0090 18201BE5 		ldr	r2, [fp, #-24]
 1763 0094 1022A0E1 		mov	r2, r0, asl r2
 1764 0098 0220E0E1 		mvn	r2, r2
 1765 009c 022001E0 		and	r2, r1, r2
 1766 00a0 002083E5 		str	r2, [r3, #0]
 1767 00a4 010000EA 		b	.L6
 1768              	.L7:
  20:../gpio.c     **** 	else
  21:../gpio.c     **** 		ret = -1;
 1769              		.loc 1 21 0
 1770 00a8 0030E0E3 		mvn	r3, #0
 1771 00ac 10300BE5 		str	r3, [fp, #-16]
 1772              	.L6:
  22:../gpio.c     **** 
  23:../gpio.c     **** 	return ret;
 1773              		.loc 1 23 0
 1774 00b0 10301BE5 		ldr	r3, [fp, #-16]
 1775              	.L4:
  24:../gpio.c     **** }
 1776              		.loc 1 24 0
 1777 00b4 0300A0E1 		mov	r0, r3
 1778 00b8 0CD04BE2 		sub	sp, fp, #12
 1779 00bc 00689DE8 		ldmfd	sp, {fp, sp, lr}
 1780 00c0 1EFF2FE1 		bx	lr
 1781              	.L9:
 1782              		.align	2
 1783              	.L8:
 1784 00c4 0800D201 		.word	30539784
 1785              		.cfi_endproc
 1786              	.LFE0:
 1788              		.align	2
 1789              		.global	portB_write
 1791              	portB_write:
 1792              	.LFB1:
  25:../gpio.c     **** 
  26:../gpio.c     **** int portB_write(int pin, enum digital val)
  27:../gpio.c     **** {
 1793              		.loc 1 27 0
 1794              		.cfi_startproc
 1795              		@ Function supports interworking.
 1796              		@ args = 0, pretend = 0, frame = 8
 1797              		@ frame_needed = 1, uses_anonymous_args = 0
 1798 00c8 0DC0A0E1 		mov	ip, sp
 1799              	.LCFI2:
 1800              		.cfi_def_cfa_register 12
 1801 00cc 00D82DE9 		stmfd	sp!, {fp, ip, lr, pc}
 1802 00d0 04B04CE2 		sub	fp, ip, #4
 1803              		.cfi_offset 14, -8
 1804              		.cfi_offset 13, -12
 1805              		.cfi_offset 11, -16
 1806              	.LCFI3:
 1807              		.cfi_def_cfa 11, 4
 1808 00d4 08D04DE2 		sub	sp, sp, #8
 1809 00d8 10000BE5 		str	r0, [fp, #-16]
 1810 00dc 0130A0E1 		mov	r3, r1
 1811 00e0 11304BE5 		strb	r3, [fp, #-17]
  28:../gpio.c     **** 	if (pin < 0 || pin > 10)
 1812              		.loc 1 28 0
 1813 00e4 10301BE5 		ldr	r3, [fp, #-16]
 1814 00e8 000053E3 		cmp	r3, #0
 1815 00ec 020000BA 		blt	.L11
 1816              		.loc 1 28 0 is_stmt 0 discriminator 1
 1817 00f0 10301BE5 		ldr	r3, [fp, #-16]
 1818 00f4 0A0053E3 		cmp	r3, #10
 1819 00f8 010000DA 		ble	.L12
 1820              	.L11:
  29:../gpio.c     **** 		return -1;
 1821              		.loc 1 29 0 is_stmt 1
 1822 00fc 0030E0E3 		mvn	r3, #0
 1823 0100 1A0000EA 		b	.L13
 1824              	.L12:
  30:../gpio.c     **** 
  31:../gpio.c     **** 	if (val < 0 || val > 1)
 1825              		.loc 1 31 0
 1826 0104 11305BE5 		ldrb	r3, [fp, #-17]	@ zero_extendqisi2
 1827 0108 010053E3 		cmp	r3, #1
 1828 010c 0100009A 		bls	.L14
  32:../gpio.c     **** 		return -1;
 1829              		.loc 1 32 0
 1830 0110 0030E0E3 		mvn	r3, #0
 1831 0114 150000EA 		b	.L13
 1832              	.L14:
  33:../gpio.c     **** 
  34:../gpio.c     **** 	if (val)
 1833              		.loc 1 34 0
 1834 0118 11305BE5 		ldrb	r3, [fp, #-17]	@ zero_extendqisi2
 1835 011c 000053E3 		cmp	r3, #0
 1836 0120 0800000A 		beq	.L15
  35:../gpio.c     **** 		//COMPLETAR: poner en el pin del puerto B
  36:../gpio.c     **** 		//el valor adecuado para que el led se apague
  37:../gpio.c     **** 		rPDATB|=(0x1<<pin);
 1837              		.loc 1 37 0
 1838 0124 54309FE5 		ldr	r3, .L17
 1839 0128 50209FE5 		ldr	r2, .L17
 1840 012c 001092E5 		ldr	r1, [r2, #0]
 1841 0130 0100A0E3 		mov	r0, #1
 1842 0134 10201BE5 		ldr	r2, [fp, #-16]
 1843 0138 1022A0E1 		mov	r2, r0, asl r2
 1844 013c 022081E1 		orr	r2, r1, r2
 1845 0140 002083E5 		str	r2, [r3, #0]
 1846 0144 080000EA 		b	.L16
 1847              	.L15:
  38:../gpio.c     **** 	else
  39:../gpio.c     **** 		//COMPLETAR: poner en el pin del puerto B
  40:../gpio.c     **** 		//el valor adecuado para que el led se encienda
  41:../gpio.c     **** 		rPDATB &=~(0x1<<pin);
 1848              		.loc 1 41 0
 1849 0148 30309FE5 		ldr	r3, .L17
 1850 014c 2C209FE5 		ldr	r2, .L17
 1851 0150 001092E5 		ldr	r1, [r2, #0]
 1852 0154 0100A0E3 		mov	r0, #1
 1853 0158 10201BE5 		ldr	r2, [fp, #-16]
 1854 015c 1022A0E1 		mov	r2, r0, asl r2
 1855 0160 0220E0E1 		mvn	r2, r2
 1856 0164 022001E0 		and	r2, r1, r2
 1857 0168 002083E5 		str	r2, [r3, #0]
 1858              	.L16:
  42:../gpio.c     **** 
  43:../gpio.c     **** 	return 0;
 1859              		.loc 1 43 0
 1860 016c 0030A0E3 		mov	r3, #0
 1861              	.L13:
  44:../gpio.c     **** }
 1862              		.loc 1 44 0
 1863 0170 0300A0E1 		mov	r0, r3
 1864 0174 0CD04BE2 		sub	sp, fp, #12
 1865 0178 00689DE8 		ldmfd	sp, {fp, sp, lr}
 1866 017c 1EFF2FE1 		bx	lr
 1867              	.L18:
 1868              		.align	2
 1869              	.L17:
 1870 0180 0C00D201 		.word	30539788
 1871              		.cfi_endproc
 1872              	.LFE1:
 1874              		.align	2
 1875              		.global	portG_conf
 1877              	portG_conf:
 1878              	.LFB2:
  45:../gpio.c     **** 
  46:../gpio.c     **** /* Port G interface implementation */
  47:../gpio.c     **** 
  48:../gpio.c     **** int portG_conf(int pin, enum port_mode mode)
  49:../gpio.c     **** {
 1879              		.loc 1 49 0
 1880              		.cfi_startproc
 1881              		@ Function supports interworking.
 1882              		@ args = 0, pretend = 0, frame = 16
 1883              		@ frame_needed = 1, uses_anonymous_args = 0
 1884 0184 0DC0A0E1 		mov	ip, sp
 1885              	.LCFI4:
 1886              		.cfi_def_cfa_register 12
 1887 0188 00D82DE9 		stmfd	sp!, {fp, ip, lr, pc}
 1888 018c 04B04CE2 		sub	fp, ip, #4
 1889              		.cfi_offset 14, -8
 1890              		.cfi_offset 13, -12
 1891              		.cfi_offset 11, -16
 1892              	.LCFI5:
 1893              		.cfi_def_cfa 11, 4
 1894 0190 10D04DE2 		sub	sp, sp, #16
 1895 0194 18000BE5 		str	r0, [fp, #-24]
 1896 0198 0130A0E1 		mov	r3, r1
 1897 019c 19304BE5 		strb	r3, [fp, #-25]
  50:../gpio.c     **** 	//La variable pos indica el primer bit del registro de control del puerto G que corresponde al pin
  51:../gpio.c     **** 	int pos  = pin*2;
 1898              		.loc 1 51 0
 1899 01a0 18301BE5 		ldr	r3, [fp, #-24]
 1900 01a4 8330A0E1 		mov	r3, r3, asl #1
 1901 01a8 10300BE5 		str	r3, [fp, #-16]
  52:../gpio.c     **** 
  53:../gpio.c     **** 	if (pin < 0 || pin > 7)
 1902              		.loc 1 53 0
 1903 01ac 18301BE5 		ldr	r3, [fp, #-24]
 1904 01b0 000053E3 		cmp	r3, #0
 1905 01b4 020000BA 		blt	.L20
 1906              		.loc 1 53 0 is_stmt 0 discriminator 1
 1907 01b8 18301BE5 		ldr	r3, [fp, #-24]
 1908 01bc 070053E3 		cmp	r3, #7
 1909 01c0 010000DA 		ble	.L21
 1910              	.L20:
  54:../gpio.c     **** 		return -1;
 1911              		.loc 1 54 0 is_stmt 1
 1912 01c4 0030E0E3 		mvn	r3, #0
 1913 01c8 410000EA 		b	.L22
 1914              	.L21:
  55:../gpio.c     **** 
  56:../gpio.c     **** 	switch (mode) {
 1915              		.loc 1 56 0
 1916 01cc 19305BE5 		ldrb	r3, [fp, #-25]	@ zero_extendqisi2
 1917 01d0 030053E3 		cmp	r3, #3
 1918 01d4 03F19F97 		ldrls	pc, [pc, r3, asl #2]
 1919 01d8 3A0000EA 		b	.L23
 1920              	.L28:
 1921 01dc EC010000 		.word	.L24
 1922 01e0 14020000 		.word	.L25
 1923 01e4 5C020000 		.word	.L26
 1924 01e8 A4020000 		.word	.L27
 1925              	.L24:
  57:../gpio.c     **** 		case INPUT:
  58:../gpio.c     **** 			//COMPLETAR: Configurar el pin del puerto G
  59:../gpio.c     **** 			//para que sea de entrada
  60:../gpio.c     **** 			rPCONG &=~(0x3<<pos);
 1926              		.loc 1 60 0
 1927 01ec F0309FE5 		ldr	r3, .L30
 1928 01f0 EC209FE5 		ldr	r2, .L30
 1929 01f4 001092E5 		ldr	r1, [r2, #0]
 1930 01f8 0300A0E3 		mov	r0, #3
 1931 01fc 10201BE5 		ldr	r2, [fp, #-16]
 1932 0200 1022A0E1 		mov	r2, r0, asl r2
 1933 0204 0220E0E1 		mvn	r2, r2
 1934 0208 022001E0 		and	r2, r1, r2
 1935 020c 002083E5 		str	r2, [r3, #0]
  61:../gpio.c     **** 			break;
 1936              		.loc 1 61 0
 1937 0210 2E0000EA 		b	.L29
 1938              	.L25:
  62:../gpio.c     **** 		case OUTPUT:
  63:../gpio.c     **** 			//COMPLETAR: Configurar el pin del puerto G
  64:../gpio.c     **** 			//para que sea de salida
  65:../gpio.c     **** 			rPCONG &=~(0x3<<pos);
 1939              		.loc 1 65 0
 1940 0214 C8309FE5 		ldr	r3, .L30
 1941 0218 C4209FE5 		ldr	r2, .L30
 1942 021c 001092E5 		ldr	r1, [r2, #0]
 1943 0220 0300A0E3 		mov	r0, #3
 1944 0224 10201BE5 		ldr	r2, [fp, #-16]
 1945 0228 1022A0E1 		mov	r2, r0, asl r2
 1946 022c 0220E0E1 		mvn	r2, r2
 1947 0230 022001E0 		and	r2, r1, r2
 1948 0234 002083E5 		str	r2, [r3, #0]
  66:../gpio.c     **** 			rPCONG |=(0x1<<pos);
 1949              		.loc 1 66 0
 1950 0238 A4309FE5 		ldr	r3, .L30
 1951 023c A0209FE5 		ldr	r2, .L30
 1952 0240 001092E5 		ldr	r1, [r2, #0]
 1953 0244 0100A0E3 		mov	r0, #1
 1954 0248 10201BE5 		ldr	r2, [fp, #-16]
 1955 024c 1022A0E1 		mov	r2, r0, asl r2
 1956 0250 022081E1 		orr	r2, r1, r2
 1957 0254 002083E5 		str	r2, [r3, #0]
  67:../gpio.c     **** 			break;
 1958              		.loc 1 67 0
 1959 0258 1C0000EA 		b	.L29
 1960              	.L26:
  68:../gpio.c     **** 		case SIGOUT:
  69:../gpio.c     **** 			//COMPLETAR: Configurar el pin del puerto G
  70:../gpio.c     **** 			//para que salga la señal interna correspondiente
  71:../gpio.c     **** 			rPCONG &=~(0x3<<pos);
 1961              		.loc 1 71 0
 1962 025c 80309FE5 		ldr	r3, .L30
 1963 0260 7C209FE5 		ldr	r2, .L30
 1964 0264 001092E5 		ldr	r1, [r2, #0]
 1965 0268 0300A0E3 		mov	r0, #3
 1966 026c 10201BE5 		ldr	r2, [fp, #-16]
 1967 0270 1022A0E1 		mov	r2, r0, asl r2
 1968 0274 0220E0E1 		mvn	r2, r2
 1969 0278 022001E0 		and	r2, r1, r2
 1970 027c 002083E5 		str	r2, [r3, #0]
  72:../gpio.c     **** 			rPCONG |=(0x2<<pos);
 1971              		.loc 1 72 0
 1972 0280 5C309FE5 		ldr	r3, .L30
 1973 0284 58209FE5 		ldr	r2, .L30
 1974 0288 001092E5 		ldr	r1, [r2, #0]
 1975 028c 0200A0E3 		mov	r0, #2
 1976 0290 10201BE5 		ldr	r2, [fp, #-16]
 1977 0294 1022A0E1 		mov	r2, r0, asl r2
 1978 0298 022081E1 		orr	r2, r1, r2
 1979 029c 002083E5 		str	r2, [r3, #0]
  73:../gpio.c     **** 			break;
 1980              		.loc 1 73 0
 1981 02a0 0A0000EA 		b	.L29
 1982              	.L27:
  74:../gpio.c     **** 		case EINT:
  75:../gpio.c     **** 			//COMPLETAR: Configurar el pin del puerto G
  76:../gpio.c     **** 			//para habilitar la generación de interrupciones externas
  77:../gpio.c     **** 			rPCONG |=(0x3<<pos);
 1983              		.loc 1 77 0
 1984 02a4 38309FE5 		ldr	r3, .L30
 1985 02a8 34209FE5 		ldr	r2, .L30
 1986 02ac 001092E5 		ldr	r1, [r2, #0]
 1987 02b0 0300A0E3 		mov	r0, #3
 1988 02b4 10201BE5 		ldr	r2, [fp, #-16]
 1989 02b8 1022A0E1 		mov	r2, r0, asl r2
 1990 02bc 022081E1 		orr	r2, r1, r2
 1991 02c0 002083E5 		str	r2, [r3, #0]
  78:../gpio.c     **** 			break;
 1992              		.loc 1 78 0
 1993 02c4 010000EA 		b	.L29
 1994              	.L23:
  79:../gpio.c     **** 		default:
  80:../gpio.c     **** 			return -1;
 1995              		.loc 1 80 0
 1996 02c8 0030E0E3 		mvn	r3, #0
 1997 02cc 000000EA 		b	.L22
 1998              	.L29:
  81:../gpio.c     **** 	}
  82:../gpio.c     **** 
  83:../gpio.c     **** 	return 0;
 1999              		.loc 1 83 0
 2000 02d0 0030A0E3 		mov	r3, #0
 2001              	.L22:
  84:../gpio.c     **** }
 2002              		.loc 1 84 0
 2003 02d4 0300A0E1 		mov	r0, r3
 2004 02d8 0CD04BE2 		sub	sp, fp, #12
 2005 02dc 00689DE8 		ldmfd	sp, {fp, sp, lr}
 2006 02e0 1EFF2FE1 		bx	lr
 2007              	.L31:
 2008              		.align	2
 2009              	.L30:
 2010 02e4 4000D201 		.word	30539840
 2011              		.cfi_endproc
 2012              	.LFE2:
 2014              		.align	2
 2015              		.global	portG_eint_trig
 2017              	portG_eint_trig:
 2018              	.LFB3:
  85:../gpio.c     **** 
  86:../gpio.c     **** int portG_eint_trig(int pin, enum trigger trig)
  87:../gpio.c     **** {
 2019              		.loc 1 87 0
 2020              		.cfi_startproc
 2021              		@ Function supports interworking.
 2022              		@ args = 0, pretend = 0, frame = 16
 2023              		@ frame_needed = 1, uses_anonymous_args = 0
 2024 02e8 0DC0A0E1 		mov	ip, sp
 2025              	.LCFI6:
 2026              		.cfi_def_cfa_register 12
 2027 02ec 00D82DE9 		stmfd	sp!, {fp, ip, lr, pc}
 2028 02f0 04B04CE2 		sub	fp, ip, #4
 2029              		.cfi_offset 14, -8
 2030              		.cfi_offset 13, -12
 2031              		.cfi_offset 11, -16
 2032              	.LCFI7:
 2033              		.cfi_def_cfa 11, 4
 2034 02f4 10D04DE2 		sub	sp, sp, #16
 2035 02f8 18000BE5 		str	r0, [fp, #-24]
 2036 02fc 0130A0E1 		mov	r3, r1
 2037 0300 19304BE5 		strb	r3, [fp, #-25]
  88:../gpio.c     **** 	//La variable pos indica el primer bit del registro EXTINT del puerto G que corresponde al pin
  89:../gpio.c     **** 	int pos = pin*4;
 2038              		.loc 1 89 0
 2039 0304 18301BE5 		ldr	r3, [fp, #-24]
 2040 0308 0331A0E1 		mov	r3, r3, asl #2
 2041 030c 10300BE5 		str	r3, [fp, #-16]
  90:../gpio.c     **** 
  91:../gpio.c     **** 	if (pin < 0 || pin > 7)
 2042              		.loc 1 91 0
 2043 0310 18301BE5 		ldr	r3, [fp, #-24]
 2044 0314 000053E3 		cmp	r3, #0
 2045 0318 020000BA 		blt	.L33
 2046              		.loc 1 91 0 is_stmt 0 discriminator 1
 2047 031c 18301BE5 		ldr	r3, [fp, #-24]
 2048 0320 070053E3 		cmp	r3, #7
 2049 0324 010000DA 		ble	.L34
 2050              	.L33:
  92:../gpio.c     **** 		return -1;
 2051              		.loc 1 92 0 is_stmt 1
 2052 0328 0030E0E3 		mvn	r3, #0
 2053 032c 5D0000EA 		b	.L35
 2054              	.L34:
  93:../gpio.c     **** 
  94:../gpio.c     **** 	switch (trig) {
 2055              		.loc 1 94 0
 2056 0330 19305BE5 		ldrb	r3, [fp, #-25]	@ zero_extendqisi2
 2057 0334 040053E3 		cmp	r3, #4
 2058 0338 03F19F97 		ldrls	pc, [pc, r3, asl #2]
 2059 033c 560000EA 		b	.L36
 2060              	.L42:
 2061 0340 54030000 		.word	.L37
 2062 0344 7C030000 		.word	.L38
 2063 0348 C4030000 		.word	.L39
 2064 034c 0C040000 		.word	.L40
 2065 0350 54040000 		.word	.L41
 2066              	.L37:
  95:../gpio.c     **** 		case LLOW:
  96:../gpio.c     **** 			// COMPLETAR: configurar el pin del puerto G para que genere interrupciones externas por nivel b
  97:../gpio.c     **** 			rEXTINT &=~(0x7<<pos);
 2067              		.loc 1 97 0
 2068 0354 5C319FE5 		ldr	r3, .L44
 2069 0358 58219FE5 		ldr	r2, .L44
 2070 035c 001092E5 		ldr	r1, [r2, #0]
 2071 0360 0700A0E3 		mov	r0, #7
 2072 0364 10201BE5 		ldr	r2, [fp, #-16]
 2073 0368 1022A0E1 		mov	r2, r0, asl r2
 2074 036c 0220E0E1 		mvn	r2, r2
 2075 0370 022001E0 		and	r2, r1, r2
 2076 0374 002083E5 		str	r2, [r3, #0]
  98:../gpio.c     **** 			break;
 2077              		.loc 1 98 0
 2078 0378 490000EA 		b	.L43
 2079              	.L38:
  99:../gpio.c     **** 		case LHIGH:
 100:../gpio.c     **** 			// COMPLETAR: configurar el pin del puerto G para que genere interrupciones externas por nivel a
 101:../gpio.c     **** 			rPCONG &=~(0x7<<pos);
 2080              		.loc 1 101 0
 2081 037c 38319FE5 		ldr	r3, .L44+4
 2082 0380 34219FE5 		ldr	r2, .L44+4
 2083 0384 001092E5 		ldr	r1, [r2, #0]
 2084 0388 0700A0E3 		mov	r0, #7
 2085 038c 10201BE5 		ldr	r2, [fp, #-16]
 2086 0390 1022A0E1 		mov	r2, r0, asl r2
 2087 0394 0220E0E1 		mvn	r2, r2
 2088 0398 022001E0 		and	r2, r1, r2
 2089 039c 002083E5 		str	r2, [r3, #0]
 102:../gpio.c     **** 			rPCONG |=(0x1<<pos);
 2090              		.loc 1 102 0
 2091 03a0 14319FE5 		ldr	r3, .L44+4
 2092 03a4 10219FE5 		ldr	r2, .L44+4
 2093 03a8 001092E5 		ldr	r1, [r2, #0]
 2094 03ac 0100A0E3 		mov	r0, #1
 2095 03b0 10201BE5 		ldr	r2, [fp, #-16]
 2096 03b4 1022A0E1 		mov	r2, r0, asl r2
 2097 03b8 022081E1 		orr	r2, r1, r2
 2098 03bc 002083E5 		str	r2, [r3, #0]
 103:../gpio.c     **** 			break;
 2099              		.loc 1 103 0
 2100 03c0 370000EA 		b	.L43
 2101              	.L39:
 104:../gpio.c     **** 		case FALLING:
 105:../gpio.c     **** 			// COMPLETAR: configurar el pin del puerto G para que el pin genere interrupciones externas por 
 106:../gpio.c     **** 			rPCONG &=~(0x7<<pos);
 2102              		.loc 1 106 0
 2103 03c4 F0309FE5 		ldr	r3, .L44+4
 2104 03c8 EC209FE5 		ldr	r2, .L44+4
 2105 03cc 001092E5 		ldr	r1, [r2, #0]
 2106 03d0 0700A0E3 		mov	r0, #7
 2107 03d4 10201BE5 		ldr	r2, [fp, #-16]
 2108 03d8 1022A0E1 		mov	r2, r0, asl r2
 2109 03dc 0220E0E1 		mvn	r2, r2
 2110 03e0 022001E0 		and	r2, r1, r2
 2111 03e4 002083E5 		str	r2, [r3, #0]
 107:../gpio.c     **** 			rPCONG |=(0x2<<pos);
 2112              		.loc 1 107 0
 2113 03e8 CC309FE5 		ldr	r3, .L44+4
 2114 03ec C8209FE5 		ldr	r2, .L44+4
 2115 03f0 001092E5 		ldr	r1, [r2, #0]
 2116 03f4 0200A0E3 		mov	r0, #2
 2117 03f8 10201BE5 		ldr	r2, [fp, #-16]
 2118 03fc 1022A0E1 		mov	r2, r0, asl r2
 2119 0400 022081E1 		orr	r2, r1, r2
 2120 0404 002083E5 		str	r2, [r3, #0]
 108:../gpio.c     **** 			break;
 2121              		.loc 1 108 0
 2122 0408 250000EA 		b	.L43
 2123              	.L40:
 109:../gpio.c     **** 		case RISING:
 110:../gpio.c     **** 			// COMPLETAR: configurar el pin del puerto G para que el pin genere interrupciones externas por 
 111:../gpio.c     **** 			rPCONG &=~(0x7<<pos);
 2124              		.loc 1 111 0
 2125 040c A8309FE5 		ldr	r3, .L44+4
 2126 0410 A4209FE5 		ldr	r2, .L44+4
 2127 0414 001092E5 		ldr	r1, [r2, #0]
 2128 0418 0700A0E3 		mov	r0, #7
 2129 041c 10201BE5 		ldr	r2, [fp, #-16]
 2130 0420 1022A0E1 		mov	r2, r0, asl r2
 2131 0424 0220E0E1 		mvn	r2, r2
 2132 0428 022001E0 		and	r2, r1, r2
 2133 042c 002083E5 		str	r2, [r3, #0]
 112:../gpio.c     **** 			rPCONG |=(0x4<<pos);
 2134              		.loc 1 112 0
 2135 0430 84309FE5 		ldr	r3, .L44+4
 2136 0434 80209FE5 		ldr	r2, .L44+4
 2137 0438 001092E5 		ldr	r1, [r2, #0]
 2138 043c 0400A0E3 		mov	r0, #4
 2139 0440 10201BE5 		ldr	r2, [fp, #-16]
 2140 0444 1022A0E1 		mov	r2, r0, asl r2
 2141 0448 022081E1 		orr	r2, r1, r2
 2142 044c 002083E5 		str	r2, [r3, #0]
 113:../gpio.c     **** 			break;
 2143              		.loc 1 113 0
 2144 0450 130000EA 		b	.L43
 2145              	.L41:
 114:../gpio.c     **** 		case EDGE:
 115:../gpio.c     **** 			// COMPLETAR: configurar el pin del puerto G para que el pin genere interrupciones externas por 
 116:../gpio.c     **** 			rPCONG &=~(0x7<<pos);
 2146              		.loc 1 116 0
 2147 0454 60309FE5 		ldr	r3, .L44+4
 2148 0458 5C209FE5 		ldr	r2, .L44+4
 2149 045c 001092E5 		ldr	r1, [r2, #0]
 2150 0460 0700A0E3 		mov	r0, #7
 2151 0464 10201BE5 		ldr	r2, [fp, #-16]
 2152 0468 1022A0E1 		mov	r2, r0, asl r2
 2153 046c 0220E0E1 		mvn	r2, r2
 2154 0470 022001E0 		and	r2, r1, r2
 2155 0474 002083E5 		str	r2, [r3, #0]
 117:../gpio.c     **** 			rPCONG |=(0x6<<pos);
 2156              		.loc 1 117 0
 2157 0478 3C309FE5 		ldr	r3, .L44+4
 2158 047c 38209FE5 		ldr	r2, .L44+4
 2159 0480 001092E5 		ldr	r1, [r2, #0]
 2160 0484 0600A0E3 		mov	r0, #6
 2161 0488 10201BE5 		ldr	r2, [fp, #-16]
 2162 048c 1022A0E1 		mov	r2, r0, asl r2
 2163 0490 022081E1 		orr	r2, r1, r2
 2164 0494 002083E5 		str	r2, [r3, #0]
 118:../gpio.c     **** 			break;
 2165              		.loc 1 118 0
 2166 0498 010000EA 		b	.L43
 2167              	.L36:
 119:../gpio.c     **** 		default:
 120:../gpio.c     **** 			return -1;
 2168              		.loc 1 120 0
 2169 049c 0030E0E3 		mvn	r3, #0
 2170 04a0 000000EA 		b	.L35
 2171              	.L43:
 121:../gpio.c     **** 	}
 122:../gpio.c     **** 	return 0;
 2172              		.loc 1 122 0
 2173 04a4 0030A0E3 		mov	r3, #0
 2174              	.L35:
 123:../gpio.c     **** }
 2175              		.loc 1 123 0
 2176 04a8 0300A0E1 		mov	r0, r3
 2177 04ac 0CD04BE2 		sub	sp, fp, #12
 2178 04b0 00689DE8 		ldmfd	sp, {fp, sp, lr}
 2179 04b4 1EFF2FE1 		bx	lr
 2180              	.L45:
 2181              		.align	2
 2182              	.L44:
 2183 04b8 5000D201 		.word	30539856
 2184 04bc 4000D201 		.word	30539840
 2185              		.cfi_endproc
 2186              	.LFE3:
 2188              		.align	2
 2189              		.global	portG_read
 2191              	portG_read:
 2192              	.LFB4:
 124:../gpio.c     **** 
 125:../gpio.c     **** 
 126:../gpio.c     **** int portG_read(int pin, enum digital* val)
 127:../gpio.c     **** {
 2193              		.loc 1 127 0
 2194              		.cfi_startproc
 2195              		@ Function supports interworking.
 2196              		@ args = 0, pretend = 0, frame = 16
 2197              		@ frame_needed = 1, uses_anonymous_args = 0
 2198 04c0 0DC0A0E1 		mov	ip, sp
 2199              	.LCFI8:
 2200              		.cfi_def_cfa_register 12
 2201 04c4 00D82DE9 		stmfd	sp!, {fp, ip, lr, pc}
 2202 04c8 04B04CE2 		sub	fp, ip, #4
 2203              		.cfi_offset 14, -8
 2204              		.cfi_offset 13, -12
 2205              		.cfi_offset 11, -16
 2206              	.LCFI9:
 2207              		.cfi_def_cfa 11, 4
 2208 04cc 10D04DE2 		sub	sp, sp, #16
 2209 04d0 18000BE5 		str	r0, [fp, #-24]
 2210 04d4 1C100BE5 		str	r1, [fp, #-28]
 128:../gpio.c     **** 	int pos = pin*2;
 2211              		.loc 1 128 0
 2212 04d8 18301BE5 		ldr	r3, [fp, #-24]
 2213 04dc 8330A0E1 		mov	r3, r3, asl #1
 2214 04e0 10300BE5 		str	r3, [fp, #-16]
 129:../gpio.c     **** 
 130:../gpio.c     **** 	if (pin < 0 || pin > 7)
 2215              		.loc 1 130 0
 2216 04e4 18301BE5 		ldr	r3, [fp, #-24]
 2217 04e8 000053E3 		cmp	r3, #0
 2218 04ec 020000BA 		blt	.L47
 2219              		.loc 1 130 0 is_stmt 0 discriminator 1
 2220 04f0 18301BE5 		ldr	r3, [fp, #-24]
 2221 04f4 070053E3 		cmp	r3, #7
 2222 04f8 010000DA 		ble	.L48
 2223              	.L47:
 131:../gpio.c     **** 		return -1;
 2224              		.loc 1 131 0 is_stmt 1
 2225 04fc 0030E0E3 		mvn	r3, #0
 2226 0500 190000EA 		b	.L49
 2227              	.L48:
 132:../gpio.c     **** 
 133:../gpio.c     **** 	if (rPCONG & (0x3 << pos))
 2228              		.loc 1 133 0
 2229 0504 70309FE5 		ldr	r3, .L53
 2230 0508 002093E5 		ldr	r2, [r3, #0]
 2231 050c 0310A0E3 		mov	r1, #3
 2232 0510 10301BE5 		ldr	r3, [fp, #-16]
 2233 0514 1133A0E1 		mov	r3, r1, asl r3
 2234 0518 033002E0 		and	r3, r2, r3
 2235 051c 000053E3 		cmp	r3, #0
 2236 0520 0100000A 		beq	.L50
 134:../gpio.c     **** 		return -1;
 2237              		.loc 1 134 0
 2238 0524 0030E0E3 		mvn	r3, #0
 2239 0528 0F0000EA 		b	.L49
 2240              	.L50:
 135:../gpio.c     **** 	//COMPLETAR la condicion del if: comprobar si el pin del registro de datos del puerto G es un 1)
 136:../gpio.c     **** 	if (rPDATG & (0x1 << pin))
 2241              		.loc 1 136 0
 2242 052c 4C309FE5 		ldr	r3, .L53+4
 2243 0530 002093E5 		ldr	r2, [r3, #0]
 2244 0534 0110A0E3 		mov	r1, #1
 2245 0538 18301BE5 		ldr	r3, [fp, #-24]
 2246 053c 1133A0E1 		mov	r3, r1, asl r3
 2247 0540 033002E0 		and	r3, r2, r3
 2248 0544 000053E3 		cmp	r3, #0
 2249 0548 0300000A 		beq	.L51
 137:../gpio.c     **** 		*val=HIGH;
 2250              		.loc 1 137 0
 2251 054c 1C301BE5 		ldr	r3, [fp, #-28]
 2252 0550 0120A0E3 		mov	r2, #1
 2253 0554 0020C3E5 		strb	r2, [r3, #0]
 2254 0558 020000EA 		b	.L52
 2255              	.L51:
 138:../gpio.c     **** 	else
 139:../gpio.c     **** 		*val=LOW;
 2256              		.loc 1 139 0
 2257 055c 1C301BE5 		ldr	r3, [fp, #-28]
 2258 0560 0020A0E3 		mov	r2, #0
 2259 0564 0020C3E5 		strb	r2, [r3, #0]
 2260              	.L52:
 140:../gpio.c     **** 
 141:../gpio.c     **** 	return 0;
 2261              		.loc 1 141 0
 2262 0568 0030A0E3 		mov	r3, #0
 2263              	.L49:
 142:../gpio.c     **** }
 2264              		.loc 1 142 0
 2265 056c 0300A0E1 		mov	r0, r3
 2266 0570 0CD04BE2 		sub	sp, fp, #12
 2267 0574 00689DE8 		ldmfd	sp, {fp, sp, lr}
 2268 0578 1EFF2FE1 		bx	lr
 2269              	.L54:
 2270              		.align	2
 2271              	.L53:
 2272 057c 4000D201 		.word	30539840
 2273 0580 4400D201 		.word	30539844
 2274              		.cfi_endproc
 2275              	.LFE4:
 2277              		.align	2
 2278              		.global	portG_conf_pup
 2280              	portG_conf_pup:
 2281              	.LFB5:
 143:../gpio.c     **** 
 144:../gpio.c     **** int portG_conf_pup(int pin, enum enable st)
 145:../gpio.c     **** {
 2282              		.loc 1 145 0
 2283              		.cfi_startproc
 2284              		@ Function supports interworking.
 2285              		@ args = 0, pretend = 0, frame = 8
 2286              		@ frame_needed = 1, uses_anonymous_args = 0
 2287 0584 0DC0A0E1 		mov	ip, sp
 2288              	.LCFI10:
 2289              		.cfi_def_cfa_register 12
 2290 0588 00D82DE9 		stmfd	sp!, {fp, ip, lr, pc}
 2291 058c 04B04CE2 		sub	fp, ip, #4
 2292              		.cfi_offset 14, -8
 2293              		.cfi_offset 13, -12
 2294              		.cfi_offset 11, -16
 2295              	.LCFI11:
 2296              		.cfi_def_cfa 11, 4
 2297 0590 08D04DE2 		sub	sp, sp, #8
 2298 0594 10000BE5 		str	r0, [fp, #-16]
 2299 0598 0130A0E1 		mov	r3, r1
 2300 059c 11304BE5 		strb	r3, [fp, #-17]
 146:../gpio.c     **** 	if (pin < 0 || pin > 7)
 2301              		.loc 1 146 0
 2302 05a0 10301BE5 		ldr	r3, [fp, #-16]
 2303 05a4 000053E3 		cmp	r3, #0
 2304 05a8 020000BA 		blt	.L56
 2305              		.loc 1 146 0 is_stmt 0 discriminator 1
 2306 05ac 10301BE5 		ldr	r3, [fp, #-16]
 2307 05b0 070053E3 		cmp	r3, #7
 2308 05b4 010000DA 		ble	.L57
 2309              	.L56:
 147:../gpio.c     **** 		return -1;
 2310              		.loc 1 147 0 is_stmt 1
 2311 05b8 0030E0E3 		mvn	r3, #0
 2312 05bc 1D0000EA 		b	.L58
 2313              	.L57:
 148:../gpio.c     **** 
 149:../gpio.c     **** 	if (st != ENABLE && st != DISABLE)
 2314              		.loc 1 149 0
 2315 05c0 11305BE5 		ldrb	r3, [fp, #-17]	@ zero_extendqisi2
 2316 05c4 010053E3 		cmp	r3, #1
 2317 05c8 0400000A 		beq	.L59
 2318              		.loc 1 149 0 is_stmt 0 discriminator 1
 2319 05cc 11305BE5 		ldrb	r3, [fp, #-17]	@ zero_extendqisi2
 2320 05d0 000053E3 		cmp	r3, #0
 2321 05d4 0100000A 		beq	.L59
 150:../gpio.c     **** 		return -1;
 2322              		.loc 1 150 0 is_stmt 1
 2323 05d8 0030E0E3 		mvn	r3, #0
 2324 05dc 150000EA 		b	.L58
 2325              	.L59:
 151:../gpio.c     **** 
 152:../gpio.c     **** 	if (st == ENABLE)
 2326              		.loc 1 152 0
 2327 05e0 11305BE5 		ldrb	r3, [fp, #-17]	@ zero_extendqisi2
 2328 05e4 010053E3 		cmp	r3, #1
 2329 05e8 0900001A 		bne	.L60
 153:../gpio.c     **** 		//COMPLETAR: activar la resistencia de pull-up del pin del puerto G
 154:../gpio.c     **** 
 155:../gpio.c     **** 		rPUPG&=~(0x1 << pin);
 2330              		.loc 1 155 0
 2331 05ec 54309FE5 		ldr	r3, .L62
 2332 05f0 50209FE5 		ldr	r2, .L62
 2333 05f4 001092E5 		ldr	r1, [r2, #0]
 2334 05f8 0100A0E3 		mov	r0, #1
 2335 05fc 10201BE5 		ldr	r2, [fp, #-16]
 2336 0600 1022A0E1 		mov	r2, r0, asl r2
 2337 0604 0220E0E1 		mvn	r2, r2
 2338 0608 022001E0 		and	r2, r1, r2
 2339 060c 002083E5 		str	r2, [r3, #0]
 2340 0610 070000EA 		b	.L61
 2341              	.L60:
 156:../gpio.c     **** 	else
 157:../gpio.c     **** 		//COMPLETAR: desactivar la resistencia de pull-up del pin del puerto G
 158:../gpio.c     **** 		rPUPG|=(0x1 << pin);
 2342              		.loc 1 158 0
 2343 0614 2C309FE5 		ldr	r3, .L62
 2344 0618 28209FE5 		ldr	r2, .L62
 2345 061c 001092E5 		ldr	r1, [r2, #0]
 2346 0620 0100A0E3 		mov	r0, #1
 2347 0624 10201BE5 		ldr	r2, [fp, #-16]
 2348 0628 1022A0E1 		mov	r2, r0, asl r2
 2349 062c 022081E1 		orr	r2, r1, r2
 2350 0630 002083E5 		str	r2, [r3, #0]
 2351              	.L61:
 159:../gpio.c     **** 
 160:../gpio.c     **** 	return 0;
 2352              		.loc 1 160 0
 2353 0634 0030A0E3 		mov	r3, #0
 2354              	.L58:
 161:../gpio.c     **** }
 2355              		.loc 1 161 0
 2356 0638 0300A0E1 		mov	r0, r3
 2357 063c 0CD04BE2 		sub	sp, fp, #12
 2358 0640 00689DE8 		ldmfd	sp, {fp, sp, lr}
 2359 0644 1EFF2FE1 		bx	lr
 2360              	.L63:
 2361              		.align	2
 2362              	.L62:
 2363 0648 4800D201 		.word	30539848
 2364              		.cfi_endproc
 2365              	.LFE5:
 2367              		.align	2
 2368              		.global	portG_write
 2370              	portG_write:
 2371              	.LFB6:
 162:../gpio.c     **** 
 163:../gpio.c     **** 
 164:../gpio.c     **** int portG_write(int pin, enum digital val)
 165:../gpio.c     **** {
 2372              		.loc 1 165 0
 2373              		.cfi_startproc
 2374              		@ Function supports interworking.
 2375              		@ args = 0, pretend = 0, frame = 16
 2376              		@ frame_needed = 1, uses_anonymous_args = 0
 2377 064c 0DC0A0E1 		mov	ip, sp
 2378              	.LCFI12:
 2379              		.cfi_def_cfa_register 12
 2380 0650 00D82DE9 		stmfd	sp!, {fp, ip, lr, pc}
 2381 0654 04B04CE2 		sub	fp, ip, #4
 2382              		.cfi_offset 14, -8
 2383              		.cfi_offset 13, -12
 2384              		.cfi_offset 11, -16
 2385              	.LCFI13:
 2386              		.cfi_def_cfa 11, 4
 2387 0658 10D04DE2 		sub	sp, sp, #16
 2388 065c 18000BE5 		str	r0, [fp, #-24]
 2389 0660 0130A0E1 		mov	r3, r1
 2390 0664 19304BE5 		strb	r3, [fp, #-25]
 166:../gpio.c     **** 	int pos = pin*2;
 2391              		.loc 1 166 0
 2392 0668 18301BE5 		ldr	r3, [fp, #-24]
 2393 066c 8330A0E1 		mov	r3, r3, asl #1
 2394 0670 10300BE5 		str	r3, [fp, #-16]
 167:../gpio.c     **** 
 168:../gpio.c     **** 	if (pin < 0 || pin > 7)
 2395              		.loc 1 168 0
 2396 0674 18301BE5 		ldr	r3, [fp, #-24]
 2397 0678 000053E3 		cmp	r3, #0
 2398 067c 020000BA 		blt	.L65
 2399              		.loc 1 168 0 is_stmt 0 discriminator 1
 2400 0680 18301BE5 		ldr	r3, [fp, #-24]
 2401 0684 070053E3 		cmp	r3, #7
 2402 0688 010000DA 		ble	.L66
 2403              	.L65:
 169:../gpio.c     **** 		return -1;
 2404              		.loc 1 169 0 is_stmt 1
 2405 068c 0030E0E3 		mvn	r3, #0
 2406 0690 270000EA 		b	.L67
 2407              	.L66:
 170:../gpio.c     **** 
 171:../gpio.c     **** 	if (val < 0 || val > 1)
 2408              		.loc 1 171 0
 2409 0694 19305BE5 		ldrb	r3, [fp, #-25]	@ zero_extendqisi2
 2410 0698 010053E3 		cmp	r3, #1
 2411 069c 0100009A 		bls	.L68
 172:../gpio.c     **** 		return -1;
 2412              		.loc 1 172 0
 2413 06a0 0030E0E3 		mvn	r3, #0
 2414 06a4 220000EA 		b	.L67
 2415              	.L68:
 173:../gpio.c     **** 
 174:../gpio.c     **** 	if ((rPCONG & (0x3 << pos)) != (0x1 << pos))
 2416              		.loc 1 174 0
 2417 06a8 94309FE5 		ldr	r3, .L72
 2418 06ac 002093E5 		ldr	r2, [r3, #0]
 2419 06b0 0310A0E3 		mov	r1, #3
 2420 06b4 10301BE5 		ldr	r3, [fp, #-16]
 2421 06b8 1133A0E1 		mov	r3, r1, asl r3
 2422 06bc 032002E0 		and	r2, r2, r3
 2423 06c0 0110A0E3 		mov	r1, #1
 2424 06c4 10301BE5 		ldr	r3, [fp, #-16]
 2425 06c8 1133A0E1 		mov	r3, r1, asl r3
 2426 06cc 030052E1 		cmp	r2, r3
 2427 06d0 0100000A 		beq	.L69
 175:../gpio.c     **** 		return -1;
 2428              		.loc 1 175 0
 2429 06d4 0030E0E3 		mvn	r3, #0
 2430 06d8 150000EA 		b	.L67
 2431              	.L69:
 176:../gpio.c     **** 
 177:../gpio.c     **** 	if (val)
 2432              		.loc 1 177 0
 2433 06dc 19305BE5 		ldrb	r3, [fp, #-25]	@ zero_extendqisi2
 2434 06e0 000053E3 		cmp	r3, #0
 2435 06e4 0800000A 		beq	.L70
 178:../gpio.c     **** 		rPDATG|=(0x1<<pin);
 2436              		.loc 1 178 0
 2437 06e8 58309FE5 		ldr	r3, .L72+4
 2438 06ec 54209FE5 		ldr	r2, .L72+4
 2439 06f0 001092E5 		ldr	r1, [r2, #0]
 2440 06f4 0100A0E3 		mov	r0, #1
 2441 06f8 18201BE5 		ldr	r2, [fp, #-24]
 2442 06fc 1022A0E1 		mov	r2, r0, asl r2
 2443 0700 022081E1 		orr	r2, r1, r2
 2444 0704 002083E5 		str	r2, [r3, #0]
 2445 0708 080000EA 		b	.L71
 2446              	.L70:
 179:../gpio.c     **** 	else
 180:../gpio.c     **** 		rPDATG &=~(0x1<<pin);
 2447              		.loc 1 180 0
 2448 070c 34309FE5 		ldr	r3, .L72+4
 2449 0710 30209FE5 		ldr	r2, .L72+4
 2450 0714 001092E5 		ldr	r1, [r2, #0]
 2451 0718 0100A0E3 		mov	r0, #1
 2452 071c 18201BE5 		ldr	r2, [fp, #-24]
 2453 0720 1022A0E1 		mov	r2, r0, asl r2
 2454 0724 0220E0E1 		mvn	r2, r2
 2455 0728 022001E0 		and	r2, r1, r2
 2456 072c 002083E5 		str	r2, [r3, #0]
 2457              	.L71:
 181:../gpio.c     **** 
 182:../gpio.c     **** 	return 0;
 2458              		.loc 1 182 0
 2459 0730 0030A0E3 		mov	r3, #0
 2460              	.L67:
 183:../gpio.c     **** }
 2461              		.loc 1 183 0
 2462 0734 0300A0E1 		mov	r0, r3
 2463 0738 0CD04BE2 		sub	sp, fp, #12
 2464 073c 00689DE8 		ldmfd	sp, {fp, sp, lr}
 2465 0740 1EFF2FE1 		bx	lr
 2466              	.L73:
 2467              		.align	2
 2468              	.L72:
 2469 0744 4000D201 		.word	30539840
 2470 0748 4400D201 		.word	30539844
 2471              		.cfi_endproc
 2472              	.LFE6:
 2474              	.Letext0:
DEFINED SYMBOLS
                            *ABS*:00000000 gpio.c
C:\Users\GUADAL~1\AppData\Local\Temp\ccsOO94W.s:1698   .text:00000000 $a
C:\Users\GUADAL~1\AppData\Local\Temp\ccsOO94W.s:1701   .text:00000000 portB_conf
C:\Users\GUADAL~1\AppData\Local\Temp\ccsOO94W.s:1784   .text:000000c4 $d
C:\Users\GUADAL~1\AppData\Local\Temp\ccsOO94W.s:1788   .text:000000c8 $a
C:\Users\GUADAL~1\AppData\Local\Temp\ccsOO94W.s:1791   .text:000000c8 portB_write
C:\Users\GUADAL~1\AppData\Local\Temp\ccsOO94W.s:1870   .text:00000180 $d
C:\Users\GUADAL~1\AppData\Local\Temp\ccsOO94W.s:1874   .text:00000184 $a
C:\Users\GUADAL~1\AppData\Local\Temp\ccsOO94W.s:1877   .text:00000184 portG_conf
C:\Users\GUADAL~1\AppData\Local\Temp\ccsOO94W.s:1921   .text:000001dc $d
C:\Users\GUADAL~1\AppData\Local\Temp\ccsOO94W.s:1927   .text:000001ec $a
C:\Users\GUADAL~1\AppData\Local\Temp\ccsOO94W.s:2010   .text:000002e4 $d
C:\Users\GUADAL~1\AppData\Local\Temp\ccsOO94W.s:2014   .text:000002e8 $a
C:\Users\GUADAL~1\AppData\Local\Temp\ccsOO94W.s:2017   .text:000002e8 portG_eint_trig
C:\Users\GUADAL~1\AppData\Local\Temp\ccsOO94W.s:2061   .text:00000340 $d
C:\Users\GUADAL~1\AppData\Local\Temp\ccsOO94W.s:2068   .text:00000354 $a
C:\Users\GUADAL~1\AppData\Local\Temp\ccsOO94W.s:2183   .text:000004b8 $d
C:\Users\GUADAL~1\AppData\Local\Temp\ccsOO94W.s:2188   .text:000004c0 $a
C:\Users\GUADAL~1\AppData\Local\Temp\ccsOO94W.s:2191   .text:000004c0 portG_read
C:\Users\GUADAL~1\AppData\Local\Temp\ccsOO94W.s:2272   .text:0000057c $d
C:\Users\GUADAL~1\AppData\Local\Temp\ccsOO94W.s:2277   .text:00000584 $a
C:\Users\GUADAL~1\AppData\Local\Temp\ccsOO94W.s:2280   .text:00000584 portG_conf_pup
C:\Users\GUADAL~1\AppData\Local\Temp\ccsOO94W.s:2363   .text:00000648 $d
C:\Users\GUADAL~1\AppData\Local\Temp\ccsOO94W.s:2367   .text:0000064c $a
C:\Users\GUADAL~1\AppData\Local\Temp\ccsOO94W.s:2370   .text:0000064c portG_write
C:\Users\GUADAL~1\AppData\Local\Temp\ccsOO94W.s:2469   .text:00000744 $d
                     .debug_frame:00000010 $d

NO UNDEFINED SYMBOLS
