   1              		.cpu arm7tdmi
   2              		.fpu softvfp
   3              		.eabi_attribute 20, 1
   4              		.eabi_attribute 21, 1
   5              		.eabi_attribute 23, 3
   6              		.eabi_attribute 24, 1
   7              		.eabi_attribute 25, 1
   8              		.eabi_attribute 26, 1
   9              		.eabi_attribute 30, 6
  10              		.eabi_attribute 18, 4
  11              		.file	"timer.c"
  21              	.Ltext0:
  22              		.file 1 "../timer.c"
 1698              		.align	2
 1699              		.global	tmr_set_prescaler
 1701              	tmr_set_prescaler:
 1702              	.LFB0:
   1:../timer.c    **** /*********************************************************************************************
   2:../timer.c    **** * Fichero:		timer.c
   3:../timer.c    **** 
   4:../timer.c    **** * Descrip:		funciones de control del timer0 del s3c44b0x
   5:../timer.c    **** *********************************************************************************************/
   6:../timer.c    **** 
   7:../timer.c    **** /*--- ficheros de cabecera ---*/
   8:../timer.c    **** #include "44b.h"
   9:../timer.c    **** #include "timer.h"
  10:../timer.c    **** 
  11:../timer.c    **** int tmr_set_prescaler(int p, int  value)
  12:../timer.c    **** {
 1703              		.loc 1 12 0
 1704              		.cfi_startproc
 1705              		@ Function supports interworking.
 1706              		@ args = 0, pretend = 0, frame = 16
 1707              		@ frame_needed = 1, uses_anonymous_args = 0
 1708 0000 0DC0A0E1 		mov	ip, sp
 1709              	.LCFI0:
 1710              		.cfi_def_cfa_register 12
 1711 0004 00D82DE9 		stmfd	sp!, {fp, ip, lr, pc}
 1712 0008 04B04CE2 		sub	fp, ip, #4
 1713              		.cfi_offset 14, -8
 1714              		.cfi_offset 13, -12
 1715              		.cfi_offset 11, -16
 1716              	.LCFI1:
 1717              		.cfi_def_cfa 11, 4
 1718 000c 10D04DE2 		sub	sp, sp, #16
 1719 0010 18000BE5 		str	r0, [fp, #-24]
 1720 0014 1C100BE5 		str	r1, [fp, #-28]
  13:../timer.c    **** 	int offset = p*4;
 1721              		.loc 1 13 0
 1722 0018 18301BE5 		ldr	r3, [fp, #-24]
 1723 001c 0331A0E1 		mov	r3, r3, asl #2
 1724 0020 10300BE5 		str	r3, [fp, #-16]
  14:../timer.c    **** 	if (p==1 || p==3 || p==5)
 1725              		.loc 1 14 0
 1726 0024 18301BE5 		ldr	r3, [fp, #-24]
 1727 0028 010053E3 		cmp	r3, #1
 1728 002c 0500000A 		beq	.L2
 1729              		.loc 1 14 0 is_stmt 0 discriminator 1
 1730 0030 18301BE5 		ldr	r3, [fp, #-24]
 1731 0034 030053E3 		cmp	r3, #3
 1732 0038 0200000A 		beq	.L2
 1733 003c 18301BE5 		ldr	r3, [fp, #-24]
 1734 0040 050053E3 		cmp	r3, #5
 1735 0044 0200001A 		bne	.L3
 1736              	.L2:
  15:../timer.c    **** 		offset = offset -4;
 1737              		.loc 1 15 0 is_stmt 1
 1738 0048 10301BE5 		ldr	r3, [fp, #-16]
 1739 004c 043043E2 		sub	r3, r3, #4
 1740 0050 10300BE5 		str	r3, [fp, #-16]
 1741              	.L3:
  16:../timer.c    **** 
  17:../timer.c    **** 	value &= 0xFF;
 1742              		.loc 1 17 0
 1743 0054 1C301BE5 		ldr	r3, [fp, #-28]
 1744 0058 FF3003E2 		and	r3, r3, #255
 1745 005c 1C300BE5 		str	r3, [fp, #-28]
  18:../timer.c    **** 
  19:../timer.c    **** 	if (p < 0 || p > 5)
 1746              		.loc 1 19 0
 1747 0060 18301BE5 		ldr	r3, [fp, #-24]
 1748 0064 000053E3 		cmp	r3, #0
 1749 0068 020000BA 		blt	.L4
 1750              		.loc 1 19 0 is_stmt 0 discriminator 1
 1751 006c 18301BE5 		ldr	r3, [fp, #-24]
 1752 0070 050053E3 		cmp	r3, #5
 1753 0074 010000DA 		ble	.L5
 1754              	.L4:
  20:../timer.c    **** 		return -1;
 1755              		.loc 1 20 0 is_stmt 1
 1756 0078 0030E0E3 		mvn	r3, #0
 1757 007c 110000EA 		b	.L6
 1758              	.L5:
  21:../timer.c    **** 
  22:../timer.c    **** 	//COMPLETAR: escribir el valor value a partir de la posición offset en el
  23:../timer.c    **** 	//registro rTCFG0, para establecer el valor de pre-escalado del módulo p
  24:../timer.c    **** 	//value es el valor de prescalado y p es el número del TIMER
  25:../timer.c    **** 	rTCFG0 &=~(0xff<<offset);
 1759              		.loc 1 25 0
 1760 0080 50309FE5 		ldr	r3, .L7
 1761 0084 4C209FE5 		ldr	r2, .L7
 1762 0088 001092E5 		ldr	r1, [r2, #0]
 1763 008c FF00A0E3 		mov	r0, #255
 1764 0090 10201BE5 		ldr	r2, [fp, #-16]
 1765 0094 1022A0E1 		mov	r2, r0, asl r2
 1766 0098 0220E0E1 		mvn	r2, r2
 1767 009c 022001E0 		and	r2, r1, r2
 1768 00a0 002083E5 		str	r2, [r3, #0]
  26:../timer.c    **** 	rTCFG0 |=value<<offset;
 1769              		.loc 1 26 0
 1770 00a4 2C309FE5 		ldr	r3, .L7
 1771 00a8 28209FE5 		ldr	r2, .L7
 1772 00ac 001092E5 		ldr	r1, [r2, #0]
 1773 00b0 1C001BE5 		ldr	r0, [fp, #-28]
 1774 00b4 10201BE5 		ldr	r2, [fp, #-16]
 1775 00b8 1022A0E1 		mov	r2, r0, asl r2
 1776 00bc 022081E1 		orr	r2, r1, r2
 1777 00c0 002083E5 		str	r2, [r3, #0]
  27:../timer.c    **** 
  28:../timer.c    **** 	return 0;
 1778              		.loc 1 28 0
 1779 00c4 0030A0E3 		mov	r3, #0
 1780              	.L6:
  29:../timer.c    **** }
 1781              		.loc 1 29 0
 1782 00c8 0300A0E1 		mov	r0, r3
 1783 00cc 0CD04BE2 		sub	sp, fp, #12
 1784 00d0 00689DE8 		ldmfd	sp, {fp, sp, lr}
 1785 00d4 1EFF2FE1 		bx	lr
 1786              	.L8:
 1787              		.align	2
 1788              	.L7:
 1789 00d8 0000D501 		.word	30736384
 1790              		.cfi_endproc
 1791              	.LFE0:
 1793              		.align	2
 1794              		.global	tmr_set_divider
 1796              	tmr_set_divider:
 1797              	.LFB1:
  30:../timer.c    **** 
  31:../timer.c    **** int tmr_set_divider(int d, enum tmr_div div)
  32:../timer.c    **** {
 1798              		.loc 1 32 0
 1799              		.cfi_startproc
 1800              		@ Function supports interworking.
 1801              		@ args = 0, pretend = 0, frame = 16
 1802              		@ frame_needed = 1, uses_anonymous_args = 0
 1803 00dc 0DC0A0E1 		mov	ip, sp
 1804              	.LCFI2:
 1805              		.cfi_def_cfa_register 12
 1806 00e0 00D82DE9 		stmfd	sp!, {fp, ip, lr, pc}
 1807 00e4 04B04CE2 		sub	fp, ip, #4
 1808              		.cfi_offset 14, -8
 1809              		.cfi_offset 13, -12
 1810              		.cfi_offset 11, -16
 1811              	.LCFI3:
 1812              		.cfi_def_cfa 11, 4
 1813 00e8 10D04DE2 		sub	sp, sp, #16
 1814 00ec 18000BE5 		str	r0, [fp, #-24]
 1815 00f0 0130A0E1 		mov	r3, r1
 1816 00f4 19304BE5 		strb	r3, [fp, #-25]
  33:../timer.c    **** 	int ret = 0;
 1817              		.loc 1 33 0
 1818 00f8 0030A0E3 		mov	r3, #0
 1819 00fc 10300BE5 		str	r3, [fp, #-16]
  34:../timer.c    **** 	int pos = d*4;
 1820              		.loc 1 34 0
 1821 0100 18301BE5 		ldr	r3, [fp, #-24]
 1822 0104 0331A0E1 		mov	r3, r3, asl #2
 1823 0108 14300BE5 		str	r3, [fp, #-20]
  35:../timer.c    **** 
  36:../timer.c    **** 	if ((d < 0 || d > 5) ||
 1824              		.loc 1 36 0
 1825 010c 18301BE5 		ldr	r3, [fp, #-24]
 1826 0110 000053E3 		cmp	r3, #0
 1827 0114 140000BA 		blt	.L10
 1828              		.loc 1 36 0 is_stmt 0 discriminator 1
 1829 0118 18301BE5 		ldr	r3, [fp, #-24]
 1830 011c 050053E3 		cmp	r3, #5
 1831 0120 110000CA 		bgt	.L10
 1832 0124 19305BE5 		ldrb	r3, [fp, #-25]	@ zero_extendqisi2
 1833 0128 040053E3 		cmp	r3, #4
 1834 012c 0200001A 		bne	.L11
  37:../timer.c    **** 			(div == D1_32 && d > 3) ||
 1835              		.loc 1 37 0 is_stmt 1
 1836 0130 18301BE5 		ldr	r3, [fp, #-24]
 1837 0134 030053E3 		cmp	r3, #3
 1838 0138 0B0000CA 		bgt	.L10
 1839              	.L11:
 1840              		.loc 1 37 0 is_stmt 0 discriminator 1
 1841 013c 19305BE5 		ldrb	r3, [fp, #-25]	@ zero_extendqisi2
 1842 0140 050053E3 		cmp	r3, #5
 1843 0144 0200001A 		bne	.L12
  38:../timer.c    **** 			(div == EXTCLK && d != 5) ||
 1844              		.loc 1 38 0 is_stmt 1
 1845 0148 18301BE5 		ldr	r3, [fp, #-24]
 1846 014c 050053E3 		cmp	r3, #5
 1847 0150 0500001A 		bne	.L10
 1848              	.L12:
 1849              		.loc 1 38 0 is_stmt 0 discriminator 1
 1850 0154 19305BE5 		ldrb	r3, [fp, #-25]	@ zero_extendqisi2
 1851 0158 060053E3 		cmp	r3, #6
 1852 015c 0400001A 		bne	.L13
  39:../timer.c    **** 			(div == TCLK && d != 4))
 1853              		.loc 1 39 0 is_stmt 1
 1854 0160 18301BE5 		ldr	r3, [fp, #-24]
 1855 0164 040053E3 		cmp	r3, #4
 1856 0168 0100000A 		beq	.L13
 1857              	.L10:
  40:../timer.c    **** 		return -1;
 1858              		.loc 1 40 0
 1859 016c 0030E0E3 		mvn	r3, #0
 1860 0170 190000EA 		b	.L14
 1861              	.L13:
  41:../timer.c    **** 
  42:../timer.c    **** 	if (div == EXTCLK || div == TCLK)
 1862              		.loc 1 42 0
 1863 0174 19305BE5 		ldrb	r3, [fp, #-25]	@ zero_extendqisi2
 1864 0178 050053E3 		cmp	r3, #5
 1865 017c 0200000A 		beq	.L15
 1866              		.loc 1 42 0 is_stmt 0 discriminator 1
 1867 0180 19305BE5 		ldrb	r3, [fp, #-25]	@ zero_extendqisi2
 1868 0184 060053E3 		cmp	r3, #6
 1869 0188 0100001A 		bne	.L16
 1870              	.L15:
  43:../timer.c    **** 		div = 4;
 1871              		.loc 1 43 0 is_stmt 1
 1872 018c 0430A0E3 		mov	r3, #4
 1873 0190 19304BE5 		strb	r3, [fp, #-25]
 1874              	.L16:
  44:../timer.c    **** 
  45:../timer.c    **** 	//COMPLETAR: escribir el valor div a partir de la posición pos en el
  46:../timer.c    **** 	//registro rTCFG1 para establecer el valor para el divisor d
  47:../timer.c    **** 	rTCFG1 &=~(0xf<<pos);
 1875              		.loc 1 47 0
 1876 0194 50309FE5 		ldr	r3, .L17
 1877 0198 4C209FE5 		ldr	r2, .L17
 1878 019c 001092E5 		ldr	r1, [r2, #0]
 1879 01a0 0F00A0E3 		mov	r0, #15
 1880 01a4 14201BE5 		ldr	r2, [fp, #-20]
 1881 01a8 1022A0E1 		mov	r2, r0, asl r2
 1882 01ac 0220E0E1 		mvn	r2, r2
 1883 01b0 022001E0 		and	r2, r1, r2
 1884 01b4 002083E5 		str	r2, [r3, #0]
  48:../timer.c    **** 	rTCFG1 |=(div<<pos);
 1885              		.loc 1 48 0
 1886 01b8 2C309FE5 		ldr	r3, .L17
 1887 01bc 28209FE5 		ldr	r2, .L17
 1888 01c0 001092E5 		ldr	r1, [r2, #0]
 1889 01c4 19005BE5 		ldrb	r0, [fp, #-25]	@ zero_extendqisi2
 1890 01c8 14201BE5 		ldr	r2, [fp, #-20]
 1891 01cc 1022A0E1 		mov	r2, r0, asl r2
 1892 01d0 022081E1 		orr	r2, r1, r2
 1893 01d4 002083E5 		str	r2, [r3, #0]
  49:../timer.c    **** 	return 0;
 1894              		.loc 1 49 0
 1895 01d8 0030A0E3 		mov	r3, #0
 1896              	.L14:
  50:../timer.c    **** }
 1897              		.loc 1 50 0
 1898 01dc 0300A0E1 		mov	r0, r3
 1899 01e0 0CD04BE2 		sub	sp, fp, #12
 1900 01e4 00689DE8 		ldmfd	sp, {fp, sp, lr}
 1901 01e8 1EFF2FE1 		bx	lr
 1902              	.L18:
 1903              		.align	2
 1904              	.L17:
 1905 01ec 0400D501 		.word	30736388
 1906              		.cfi_endproc
 1907              	.LFE1:
 1909              		.align	2
 1910              		.global	tmr_set_count
 1912              	tmr_set_count:
 1913              	.LFB2:
  51:../timer.c    **** 
  52:../timer.c    **** int tmr_set_count(enum tmr_timer t, int count, int cmp)
  53:../timer.c    **** {
 1914              		.loc 1 53 0
 1915              		.cfi_startproc
 1916              		@ Function supports interworking.
 1917              		@ args = 0, pretend = 0, frame = 24
 1918              		@ frame_needed = 1, uses_anonymous_args = 0
 1919 01f0 0DC0A0E1 		mov	ip, sp
 1920              	.LCFI4:
 1921              		.cfi_def_cfa_register 12
 1922 01f4 00D82DE9 		stmfd	sp!, {fp, ip, lr, pc}
 1923 01f8 04B04CE2 		sub	fp, ip, #4
 1924              		.cfi_offset 14, -8
 1925              		.cfi_offset 13, -12
 1926              		.cfi_offset 11, -16
 1927              	.LCFI5:
 1928              		.cfi_def_cfa 11, 4
 1929 01fc 18D04DE2 		sub	sp, sp, #24
 1930 0200 0030A0E1 		mov	r3, r0
 1931 0204 1C100BE5 		str	r1, [fp, #-28]
 1932 0208 20200BE5 		str	r2, [fp, #-32]
 1933 020c 15304BE5 		strb	r3, [fp, #-21]
  54:../timer.c    **** 	int err = 0;
 1934              		.loc 1 54 0
 1935 0210 0030A0E3 		mov	r3, #0
 1936 0214 10300BE5 		str	r3, [fp, #-16]
  55:../timer.c    **** 	switch (t) {
 1937              		.loc 1 55 0
 1938 0218 15305BE5 		ldrb	r3, [fp, #-21]	@ zero_extendqisi2
 1939 021c 050053E3 		cmp	r3, #5
 1940 0220 03F19F97 		ldrls	pc, [pc, r3, asl #2]
 1941 0224 2C0000EA 		b	.L20
 1942              	.L27:
 1943 0228 40020000 		.word	.L21
 1944 022c 5C020000 		.word	.L22
 1945 0230 78020000 		.word	.L23
 1946 0234 94020000 		.word	.L24
 1947 0238 B0020000 		.word	.L25
 1948 023c CC020000 		.word	.L26
 1949              	.L21:
  56:../timer.c    **** 		case TIMER0:
  57:../timer.c    **** 			//COMPLETAR: establecer el valor de cuenta count y el valor de
  58:../timer.c    **** 			//comparación cmp en los registros de buffer del timer0 (rTCNTB0 y
  59:../timer.c    **** 			//rTCMPB0)
  60:../timer.c    **** 			rTCNTB0=count;
 1950              		.loc 1 60 0
 1951 0240 B0309FE5 		ldr	r3, .L29
 1952 0244 1C201BE5 		ldr	r2, [fp, #-28]
 1953 0248 002083E5 		str	r2, [r3, #0]
  61:../timer.c    **** 			rTCMPB0=cmp;
 1954              		.loc 1 61 0
 1955 024c A8309FE5 		ldr	r3, .L29+4
 1956 0250 20201BE5 		ldr	r2, [fp, #-32]
 1957 0254 002083E5 		str	r2, [r3, #0]
  62:../timer.c    **** 			 break;
 1958              		.loc 1 62 0
 1959 0258 210000EA 		b	.L28
 1960              	.L22:
  63:../timer.c    **** 		case TIMER1:
  64:../timer.c    **** 			//COMPLETAR: establecer el valor de cuenta count y el valor de
  65:../timer.c    **** 			//comparación cmp en los registros de buffer del timer1 (rTCNTB1 y
  66:../timer.c    **** 			//rTCMPB1)
  67:../timer.c    **** 			rTCNTB1=count;
 1961              		.loc 1 67 0
 1962 025c 9C309FE5 		ldr	r3, .L29+8
 1963 0260 1C201BE5 		ldr	r2, [fp, #-28]
 1964 0264 002083E5 		str	r2, [r3, #0]
  68:../timer.c    **** 			rTCMPB1=cmp;
 1965              		.loc 1 68 0
 1966 0268 94309FE5 		ldr	r3, .L29+12
 1967 026c 20201BE5 		ldr	r2, [fp, #-32]
 1968 0270 002083E5 		str	r2, [r3, #0]
  69:../timer.c    **** 			 break;
 1969              		.loc 1 69 0
 1970 0274 1A0000EA 		b	.L28
 1971              	.L23:
  70:../timer.c    **** 		case TIMER2:
  71:../timer.c    **** 			//COMPLETAR: establecer el valor de cuenta count y el valor de
  72:../timer.c    **** 			//comparación cmp en los registros de buffer del timer2 (rTCNTB2 y
  73:../timer.c    **** 			//rTCMPB2)
  74:../timer.c    **** 			rTCNTB2=count;
 1972              		.loc 1 74 0
 1973 0278 88309FE5 		ldr	r3, .L29+16
 1974 027c 1C201BE5 		ldr	r2, [fp, #-28]
 1975 0280 002083E5 		str	r2, [r3, #0]
  75:../timer.c    **** 			rTCMPB2=cmp;
 1976              		.loc 1 75 0
 1977 0284 80309FE5 		ldr	r3, .L29+20
 1978 0288 20201BE5 		ldr	r2, [fp, #-32]
 1979 028c 002083E5 		str	r2, [r3, #0]
  76:../timer.c    **** 			 break;
 1980              		.loc 1 76 0
 1981 0290 130000EA 		b	.L28
 1982              	.L24:
  77:../timer.c    **** 		case TIMER3:
  78:../timer.c    **** 			//COMPLETAR: establecer el valor de cuenta count y el valor de
  79:../timer.c    **** 			//comparaciónn cmp en los registros de buffer del timer3 (rTCNTB3 y
  80:../timer.c    **** 			//rTCMPB3)
  81:../timer.c    **** 			rTCNTB3=count;
 1983              		.loc 1 81 0
 1984 0294 74309FE5 		ldr	r3, .L29+24
 1985 0298 1C201BE5 		ldr	r2, [fp, #-28]
 1986 029c 002083E5 		str	r2, [r3, #0]
  82:../timer.c    **** 			rTCMPB3=cmp;
 1987              		.loc 1 82 0
 1988 02a0 6C309FE5 		ldr	r3, .L29+28
 1989 02a4 20201BE5 		ldr	r2, [fp, #-32]
 1990 02a8 002083E5 		str	r2, [r3, #0]
  83:../timer.c    **** 			 break;
 1991              		.loc 1 83 0
 1992 02ac 0C0000EA 		b	.L28
 1993              	.L25:
  84:../timer.c    **** 		case TIMER4:
  85:../timer.c    **** 			//COMPLETAR: establecer el valor de cuenta count y el valor de
  86:../timer.c    **** 			//comparación cmp en los registros de buffer del timer4 (rTCNTB4 y
  87:../timer.c    **** 			//rTCMPB4)
  88:../timer.c    **** 			rTCNTB4=count;
 1994              		.loc 1 88 0
 1995 02b0 60309FE5 		ldr	r3, .L29+32
 1996 02b4 1C201BE5 		ldr	r2, [fp, #-28]
 1997 02b8 002083E5 		str	r2, [r3, #0]
  89:../timer.c    **** 			rTCMPB4=cmp;
 1998              		.loc 1 89 0
 1999 02bc 58309FE5 		ldr	r3, .L29+36
 2000 02c0 20201BE5 		ldr	r2, [fp, #-32]
 2001 02c4 002083E5 		str	r2, [r3, #0]
  90:../timer.c    **** 			 break;
 2002              		.loc 1 90 0
 2003 02c8 050000EA 		b	.L28
 2004              	.L26:
  91:../timer.c    **** 		case TIMER5:
  92:../timer.c    **** 			//COMPLETAR: establecer el valor de cuenta count
  93:../timer.c    **** 			//en el registro de buffer del timer5 (rTCNTB5)
  94:../timer.c    **** 			rTCNTB5=count;
 2005              		.loc 1 94 0
 2006 02cc 4C309FE5 		ldr	r3, .L29+40
 2007 02d0 1C201BE5 		ldr	r2, [fp, #-28]
 2008 02d4 002083E5 		str	r2, [r3, #0]
  95:../timer.c    **** 			 break;
 2009              		.loc 1 95 0
 2010 02d8 010000EA 		b	.L28
 2011              	.L20:
  96:../timer.c    **** 		default:
  97:../timer.c    **** 			err = -1;
 2012              		.loc 1 97 0
 2013 02dc 0030E0E3 		mvn	r3, #0
 2014 02e0 10300BE5 		str	r3, [fp, #-16]
 2015              	.L28:
  98:../timer.c    **** 	}
  99:../timer.c    **** 
 100:../timer.c    **** 	return err;
 2016              		.loc 1 100 0
 2017 02e4 10301BE5 		ldr	r3, [fp, #-16]
 101:../timer.c    **** }
 2018              		.loc 1 101 0
 2019 02e8 0300A0E1 		mov	r0, r3
 2020 02ec 0CD04BE2 		sub	sp, fp, #12
 2021 02f0 00689DE8 		ldmfd	sp, {fp, sp, lr}
 2022 02f4 1EFF2FE1 		bx	lr
 2023              	.L30:
 2024              		.align	2
 2025              	.L29:
 2026 02f8 0C00D501 		.word	30736396
 2027 02fc 1000D501 		.word	30736400
 2028 0300 1800D501 		.word	30736408
 2029 0304 1C00D501 		.word	30736412
 2030 0308 2400D501 		.word	30736420
 2031 030c 2800D501 		.word	30736424
 2032 0310 3000D501 		.word	30736432
 2033 0314 3400D501 		.word	30736436
 2034 0318 3C00D501 		.word	30736444
 2035 031c 4000D501 		.word	30736448
 2036 0320 4800D501 		.word	30736456
 2037              		.cfi_endproc
 2038              	.LFE2:
 2040              		.align	2
 2041              		.global	tmr_update
 2043              	tmr_update:
 2044              	.LFB3:
 102:../timer.c    **** 
 103:../timer.c    **** int tmr_update(enum tmr_timer t)
 104:../timer.c    **** {
 2045              		.loc 1 104 0
 2046              		.cfi_startproc
 2047              		@ Function supports interworking.
 2048              		@ args = 0, pretend = 0, frame = 16
 2049              		@ frame_needed = 1, uses_anonymous_args = 0
 2050 0324 0DC0A0E1 		mov	ip, sp
 2051              	.LCFI6:
 2052              		.cfi_def_cfa_register 12
 2053 0328 00D82DE9 		stmfd	sp!, {fp, ip, lr, pc}
 2054 032c 04B04CE2 		sub	fp, ip, #4
 2055              		.cfi_offset 14, -8
 2056              		.cfi_offset 13, -12
 2057              		.cfi_offset 11, -16
 2058              	.LCFI7:
 2059              		.cfi_def_cfa 11, 4
 2060 0330 10D04DE2 		sub	sp, sp, #16
 2061 0334 0030A0E1 		mov	r3, r0
 2062 0338 15304BE5 		strb	r3, [fp, #-21]
 105:../timer.c    **** 	int pos = t*4;
 2063              		.loc 1 105 0
 2064 033c 15305BE5 		ldrb	r3, [fp, #-21]	@ zero_extendqisi2
 2065 0340 0331A0E1 		mov	r3, r3, asl #2
 2066 0344 10300BE5 		str	r3, [fp, #-16]
 106:../timer.c    **** 	if (t > 0)
 2067              		.loc 1 106 0
 2068 0348 15305BE5 		ldrb	r3, [fp, #-21]	@ zero_extendqisi2
 2069 034c 000053E3 		cmp	r3, #0
 2070 0350 0200000A 		beq	.L32
 107:../timer.c    **** 		pos += 4;
 2071              		.loc 1 107 0
 2072 0354 10301BE5 		ldr	r3, [fp, #-16]
 2073 0358 043083E2 		add	r3, r3, #4
 2074 035c 10300BE5 		str	r3, [fp, #-16]
 2075              	.L32:
 108:../timer.c    **** 
 109:../timer.c    **** 	if (t < 0 || t > 5)
 2076              		.loc 1 109 0
 2077 0360 15305BE5 		ldrb	r3, [fp, #-21]	@ zero_extendqisi2
 2078 0364 050053E3 		cmp	r3, #5
 2079 0368 0100009A 		bls	.L33
 110:../timer.c    **** 		return -1;
 2080              		.loc 1 110 0
 2081 036c 0030E0E3 		mvn	r3, #0
 2082 0370 110000EA 		b	.L34
 2083              	.L33:
 111:../timer.c    **** 
 112:../timer.c    **** 	//COMPLETAR: Dar el valor adecuado al bit manual update del registro rTCON
 113:../timer.c    **** 	//a partir de la posición pos (segundo bit a partir de esta posición)
 114:../timer.c    **** 	// primero para actualizar los registros rTCNTBn y rTCMPBn
 115:../timer.c    **** 	//después para ponerlo en modo no operación
 116:../timer.c    **** 	//deben ser stores distintos, lo hacemos con sentencias C distintas
 117:../timer.c    **** 	rTCON |=0x2<<pos;
 2084              		.loc 1 117 0
 2085 0374 50309FE5 		ldr	r3, .L35
 2086 0378 4C209FE5 		ldr	r2, .L35
 2087 037c 001092E5 		ldr	r1, [r2, #0]
 2088 0380 0200A0E3 		mov	r0, #2
 2089 0384 10201BE5 		ldr	r2, [fp, #-16]
 2090 0388 1022A0E1 		mov	r2, r0, asl r2
 2091 038c 022081E1 		orr	r2, r1, r2
 2092 0390 002083E5 		str	r2, [r3, #0]
 118:../timer.c    **** 	rTCON &=~(0x2<<pos);
 2093              		.loc 1 118 0
 2094 0394 30309FE5 		ldr	r3, .L35
 2095 0398 2C209FE5 		ldr	r2, .L35
 2096 039c 001092E5 		ldr	r1, [r2, #0]
 2097 03a0 0200A0E3 		mov	r0, #2
 2098 03a4 10201BE5 		ldr	r2, [fp, #-16]
 2099 03a8 1022A0E1 		mov	r2, r0, asl r2
 2100 03ac 0220E0E1 		mvn	r2, r2
 2101 03b0 022001E0 		and	r2, r1, r2
 2102 03b4 002083E5 		str	r2, [r3, #0]
 119:../timer.c    **** 	return 0;
 2103              		.loc 1 119 0
 2104 03b8 0030A0E3 		mov	r3, #0
 2105              	.L34:
 120:../timer.c    **** }
 2106              		.loc 1 120 0
 2107 03bc 0300A0E1 		mov	r0, r3
 2108 03c0 0CD04BE2 		sub	sp, fp, #12
 2109 03c4 00689DE8 		ldmfd	sp, {fp, sp, lr}
 2110 03c8 1EFF2FE1 		bx	lr
 2111              	.L36:
 2112              		.align	2
 2113              	.L35:
 2114 03cc 0800D501 		.word	30736392
 2115              		.cfi_endproc
 2116              	.LFE3:
 2118              		.align	2
 2119              		.global	tmr_set_mode
 2121              	tmr_set_mode:
 2122              	.LFB4:
 121:../timer.c    **** 
 122:../timer.c    **** int tmr_set_mode(enum tmr_timer t, enum tmr_mode mode)
 123:../timer.c    **** {
 2123              		.loc 1 123 0
 2124              		.cfi_startproc
 2125              		@ Function supports interworking.
 2126              		@ args = 0, pretend = 0, frame = 16
 2127              		@ frame_needed = 1, uses_anonymous_args = 0
 2128 03d0 0DC0A0E1 		mov	ip, sp
 2129              	.LCFI8:
 2130              		.cfi_def_cfa_register 12
 2131 03d4 00D82DE9 		stmfd	sp!, {fp, ip, lr, pc}
 2132 03d8 04B04CE2 		sub	fp, ip, #4
 2133              		.cfi_offset 14, -8
 2134              		.cfi_offset 13, -12
 2135              		.cfi_offset 11, -16
 2136              	.LCFI9:
 2137              		.cfi_def_cfa 11, 4
 2138 03dc 10D04DE2 		sub	sp, sp, #16
 2139 03e0 0020A0E1 		mov	r2, r0
 2140 03e4 0130A0E1 		mov	r3, r1
 2141 03e8 15204BE5 		strb	r2, [fp, #-21]
 2142 03ec 16304BE5 		strb	r3, [fp, #-22]
 124:../timer.c    **** 	int err = 0;
 2143              		.loc 1 124 0
 2144 03f0 0030A0E3 		mov	r3, #0
 2145 03f4 10300BE5 		str	r3, [fp, #-16]
 125:../timer.c    **** 	int pos = t*4;
 2146              		.loc 1 125 0
 2147 03f8 15305BE5 		ldrb	r3, [fp, #-21]	@ zero_extendqisi2
 2148 03fc 0331A0E1 		mov	r3, r3, asl #2
 2149 0400 14300BE5 		str	r3, [fp, #-20]
 126:../timer.c    **** 	if (t > 0)
 2150              		.loc 1 126 0
 2151 0404 15305BE5 		ldrb	r3, [fp, #-21]	@ zero_extendqisi2
 2152 0408 000053E3 		cmp	r3, #0
 2153 040c 0200000A 		beq	.L38
 127:../timer.c    **** 		pos += 4;
 2154              		.loc 1 127 0
 2155 0410 14301BE5 		ldr	r3, [fp, #-20]
 2156 0414 043083E2 		add	r3, r3, #4
 2157 0418 14300BE5 		str	r3, [fp, #-20]
 2158              	.L38:
 128:../timer.c    **** 
 129:../timer.c    **** 	if (t < 0 || t > 5)
 2159              		.loc 1 129 0
 2160 041c 15305BE5 		ldrb	r3, [fp, #-21]	@ zero_extendqisi2
 2161 0420 050053E3 		cmp	r3, #5
 2162 0424 0100009A 		bls	.L39
 130:../timer.c    **** 		return -1;
 2163              		.loc 1 130 0
 2164 0428 0030E0E3 		mvn	r3, #0
 2165 042c 1B0000EA 		b	.L40
 2166              	.L39:
 131:../timer.c    **** 
 132:../timer.c    **** 	if (mode == ONE_SHOT)
 2167              		.loc 1 132 0
 2168 0430 16305BE5 		ldrb	r3, [fp, #-22]	@ zero_extendqisi2
 2169 0434 000053E3 		cmp	r3, #0
 2170 0438 0900001A 		bne	.L41
 133:../timer.c    **** 		//COMPLETAR: poner a 0 el bit autoreload de rTCON a partir de la posición pos (es
 134:../timer.c    **** 		//el cuarto bit a partir de esa posición)
 135:../timer.c    **** 		rTCON &=~(0x8<<pos);
 2171              		.loc 1 135 0
 2172 043c 6C309FE5 		ldr	r3, .L44
 2173 0440 68209FE5 		ldr	r2, .L44
 2174 0444 001092E5 		ldr	r1, [r2, #0]
 2175 0448 0800A0E3 		mov	r0, #8
 2176 044c 14201BE5 		ldr	r2, [fp, #-20]
 2177 0450 1022A0E1 		mov	r2, r0, asl r2
 2178 0454 0220E0E1 		mvn	r2, r2
 2179 0458 022001E0 		and	r2, r1, r2
 2180 045c 002083E5 		str	r2, [r3, #0]
 2181 0460 0D0000EA 		b	.L42
 2182              	.L41:
 136:../timer.c    **** 	else if (mode == RELOAD)
 2183              		.loc 1 136 0
 2184 0464 16305BE5 		ldrb	r3, [fp, #-22]	@ zero_extendqisi2
 2185 0468 010053E3 		cmp	r3, #1
 2186 046c 0800001A 		bne	.L43
 137:../timer.c    **** 		//COMPLETAR: poner a 1 el bit autoreload a partir de la posición pos (es
 138:../timer.c    **** 		//el cuarto bit a partir de esa posición)
 139:../timer.c    **** 		rTCON |=(0x8<<pos);
 2187              		.loc 1 139 0
 2188 0470 38309FE5 		ldr	r3, .L44
 2189 0474 34209FE5 		ldr	r2, .L44
 2190 0478 001092E5 		ldr	r1, [r2, #0]
 2191 047c 0800A0E3 		mov	r0, #8
 2192 0480 14201BE5 		ldr	r2, [fp, #-20]
 2193 0484 1022A0E1 		mov	r2, r0, asl r2
 2194 0488 022081E1 		orr	r2, r1, r2
 2195 048c 002083E5 		str	r2, [r3, #0]
 2196 0490 010000EA 		b	.L42
 2197              	.L43:
 140:../timer.c    **** 	else
 141:../timer.c    **** 		err = -1;
 2198              		.loc 1 141 0
 2199 0494 0030E0E3 		mvn	r3, #0
 2200 0498 10300BE5 		str	r3, [fp, #-16]
 2201              	.L42:
 142:../timer.c    **** 
 143:../timer.c    **** 	return err;
 2202              		.loc 1 143 0
 2203 049c 10301BE5 		ldr	r3, [fp, #-16]
 2204              	.L40:
 144:../timer.c    **** }
 2205              		.loc 1 144 0
 2206 04a0 0300A0E1 		mov	r0, r3
 2207 04a4 0CD04BE2 		sub	sp, fp, #12
 2208 04a8 00689DE8 		ldmfd	sp, {fp, sp, lr}
 2209 04ac 1EFF2FE1 		bx	lr
 2210              	.L45:
 2211              		.align	2
 2212              	.L44:
 2213 04b0 0800D501 		.word	30736392
 2214              		.cfi_endproc
 2215              	.LFE4:
 2217              		.align	2
 2218              		.global	tmr_start
 2220              	tmr_start:
 2221              	.LFB5:
 145:../timer.c    **** 
 146:../timer.c    **** int tmr_start(enum tmr_timer t)
 147:../timer.c    **** {
 2222              		.loc 1 147 0
 2223              		.cfi_startproc
 2224              		@ Function supports interworking.
 2225              		@ args = 0, pretend = 0, frame = 16
 2226              		@ frame_needed = 1, uses_anonymous_args = 0
 2227 04b4 0DC0A0E1 		mov	ip, sp
 2228              	.LCFI10:
 2229              		.cfi_def_cfa_register 12
 2230 04b8 00D82DE9 		stmfd	sp!, {fp, ip, lr, pc}
 2231 04bc 04B04CE2 		sub	fp, ip, #4
 2232              		.cfi_offset 14, -8
 2233              		.cfi_offset 13, -12
 2234              		.cfi_offset 11, -16
 2235              	.LCFI11:
 2236              		.cfi_def_cfa 11, 4
 2237 04c0 10D04DE2 		sub	sp, sp, #16
 2238 04c4 0030A0E1 		mov	r3, r0
 2239 04c8 15304BE5 		strb	r3, [fp, #-21]
 148:../timer.c    **** 	int pos = t*4;
 2240              		.loc 1 148 0
 2241 04cc 15305BE5 		ldrb	r3, [fp, #-21]	@ zero_extendqisi2
 2242 04d0 0331A0E1 		mov	r3, r3, asl #2
 2243 04d4 10300BE5 		str	r3, [fp, #-16]
 149:../timer.c    **** 	if (t > 0)
 2244              		.loc 1 149 0
 2245 04d8 15305BE5 		ldrb	r3, [fp, #-21]	@ zero_extendqisi2
 2246 04dc 000053E3 		cmp	r3, #0
 2247 04e0 0200000A 		beq	.L47
 150:../timer.c    **** 		pos += 4;
 2248              		.loc 1 150 0
 2249 04e4 10301BE5 		ldr	r3, [fp, #-16]
 2250 04e8 043083E2 		add	r3, r3, #4
 2251 04ec 10300BE5 		str	r3, [fp, #-16]
 2252              	.L47:
 151:../timer.c    **** 
 152:../timer.c    **** 	if (t < 0 || t > 5)
 2253              		.loc 1 152 0
 2254 04f0 15305BE5 		ldrb	r3, [fp, #-21]	@ zero_extendqisi2
 2255 04f4 050053E3 		cmp	r3, #5
 2256 04f8 0100009A 		bls	.L48
 153:../timer.c    **** 		return -1;
 2257              		.loc 1 153 0
 2258 04fc 0030E0E3 		mvn	r3, #0
 2259 0500 080000EA 		b	.L49
 2260              	.L48:
 154:../timer.c    **** 
 155:../timer.c    **** 	//COMPLETAR: Dar el valor adecuado al bit de start para arrancar el TIMER a partir de la posición 
 156:../timer.c    **** 	//registro rTCON (es el primer bit del grupo)
 157:../timer.c    **** 	rTCON |=(0x1<<pos);
 2261              		.loc 1 157 0
 2262 0504 2C309FE5 		ldr	r3, .L50
 2263 0508 28209FE5 		ldr	r2, .L50
 2264 050c 001092E5 		ldr	r1, [r2, #0]
 2265 0510 0100A0E3 		mov	r0, #1
 2266 0514 10201BE5 		ldr	r2, [fp, #-16]
 2267 0518 1022A0E1 		mov	r2, r0, asl r2
 2268 051c 022081E1 		orr	r2, r1, r2
 2269 0520 002083E5 		str	r2, [r3, #0]
 158:../timer.c    **** 	return 0;
 2270              		.loc 1 158 0
 2271 0524 0030A0E3 		mov	r3, #0
 2272              	.L49:
 159:../timer.c    **** }
 2273              		.loc 1 159 0
 2274 0528 0300A0E1 		mov	r0, r3
 2275 052c 0CD04BE2 		sub	sp, fp, #12
 2276 0530 00689DE8 		ldmfd	sp, {fp, sp, lr}
 2277 0534 1EFF2FE1 		bx	lr
 2278              	.L51:
 2279              		.align	2
 2280              	.L50:
 2281 0538 0800D501 		.word	30736392
 2282              		.cfi_endproc
 2283              	.LFE5:
 2285              		.align	2
 2286              		.global	tmr_stop
 2288              	tmr_stop:
 2289              	.LFB6:
 160:../timer.c    **** 
 161:../timer.c    **** int tmr_stop(enum tmr_timer t)
 162:../timer.c    **** {
 2290              		.loc 1 162 0
 2291              		.cfi_startproc
 2292              		@ Function supports interworking.
 2293              		@ args = 0, pretend = 0, frame = 16
 2294              		@ frame_needed = 1, uses_anonymous_args = 0
 2295 053c 0DC0A0E1 		mov	ip, sp
 2296              	.LCFI12:
 2297              		.cfi_def_cfa_register 12
 2298 0540 00D82DE9 		stmfd	sp!, {fp, ip, lr, pc}
 2299 0544 04B04CE2 		sub	fp, ip, #4
 2300              		.cfi_offset 14, -8
 2301              		.cfi_offset 13, -12
 2302              		.cfi_offset 11, -16
 2303              	.LCFI13:
 2304              		.cfi_def_cfa 11, 4
 2305 0548 10D04DE2 		sub	sp, sp, #16
 2306 054c 0030A0E1 		mov	r3, r0
 2307 0550 15304BE5 		strb	r3, [fp, #-21]
 163:../timer.c    **** 	int pos = t*4;
 2308              		.loc 1 163 0
 2309 0554 15305BE5 		ldrb	r3, [fp, #-21]	@ zero_extendqisi2
 2310 0558 0331A0E1 		mov	r3, r3, asl #2
 2311 055c 10300BE5 		str	r3, [fp, #-16]
 164:../timer.c    **** 	if (t > 0)
 2312              		.loc 1 164 0
 2313 0560 15305BE5 		ldrb	r3, [fp, #-21]	@ zero_extendqisi2
 2314 0564 000053E3 		cmp	r3, #0
 2315 0568 0200000A 		beq	.L53
 165:../timer.c    **** 		pos += 4;
 2316              		.loc 1 165 0
 2317 056c 10301BE5 		ldr	r3, [fp, #-16]
 2318 0570 043083E2 		add	r3, r3, #4
 2319 0574 10300BE5 		str	r3, [fp, #-16]
 2320              	.L53:
 166:../timer.c    **** 
 167:../timer.c    **** 	if (t < 0 || t > 5)
 2321              		.loc 1 167 0
 2322 0578 15305BE5 		ldrb	r3, [fp, #-21]	@ zero_extendqisi2
 2323 057c 050053E3 		cmp	r3, #5
 2324 0580 0100009A 		bls	.L54
 168:../timer.c    **** 		return -1;
 2325              		.loc 1 168 0
 2326 0584 0030E0E3 		mvn	r3, #0
 2327 0588 090000EA 		b	.L55
 2328              	.L54:
 169:../timer.c    **** 
 170:../timer.c    **** 	//COMPLETAR:  Dar el valor adecuado al bit de start para parar el TIMER a partir de la posición po
 171:../timer.c    **** 	//registro rTCON (es el primer bit del grupo)
 172:../timer.c    **** 	rTCON &=~(0x1<<pos);
 2329              		.loc 1 172 0
 2330 058c 30309FE5 		ldr	r3, .L56
 2331 0590 2C209FE5 		ldr	r2, .L56
 2332 0594 001092E5 		ldr	r1, [r2, #0]
 2333 0598 0100A0E3 		mov	r0, #1
 2334 059c 10201BE5 		ldr	r2, [fp, #-16]
 2335 05a0 1022A0E1 		mov	r2, r0, asl r2
 2336 05a4 0220E0E1 		mvn	r2, r2
 2337 05a8 022001E0 		and	r2, r1, r2
 2338 05ac 002083E5 		str	r2, [r3, #0]
 173:../timer.c    **** 	return 0;
 2339              		.loc 1 173 0
 2340 05b0 0030A0E3 		mov	r3, #0
 2341              	.L55:
 174:../timer.c    **** }
 2342              		.loc 1 174 0
 2343 05b4 0300A0E1 		mov	r0, r3
 2344 05b8 0CD04BE2 		sub	sp, fp, #12
 2345 05bc 00689DE8 		ldmfd	sp, {fp, sp, lr}
 2346 05c0 1EFF2FE1 		bx	lr
 2347              	.L57:
 2348              		.align	2
 2349              	.L56:
 2350 05c4 0800D501 		.word	30736392
 2351              		.cfi_endproc
 2352              	.LFE6:
 2354              		.align	2
 2355              		.global	tmr_isrunning
 2357              	tmr_isrunning:
 2358              	.LFB7:
 175:../timer.c    **** 
 176:../timer.c    **** int tmr_isrunning(enum tmr_timer t)
 177:../timer.c    **** {
 2359              		.loc 1 177 0
 2360              		.cfi_startproc
 2361              		@ Function supports interworking.
 2362              		@ args = 0, pretend = 0, frame = 16
 2363              		@ frame_needed = 1, uses_anonymous_args = 0
 2364 05c8 0DC0A0E1 		mov	ip, sp
 2365              	.LCFI14:
 2366              		.cfi_def_cfa_register 12
 2367 05cc 00D82DE9 		stmfd	sp!, {fp, ip, lr, pc}
 2368 05d0 04B04CE2 		sub	fp, ip, #4
 2369              		.cfi_offset 14, -8
 2370              		.cfi_offset 13, -12
 2371              		.cfi_offset 11, -16
 2372              	.LCFI15:
 2373              		.cfi_def_cfa 11, 4
 2374 05d4 10D04DE2 		sub	sp, sp, #16
 2375 05d8 0030A0E1 		mov	r3, r0
 2376 05dc 15304BE5 		strb	r3, [fp, #-21]
 178:../timer.c    **** 	int ret = 0;
 2377              		.loc 1 178 0
 2378 05e0 0030A0E3 		mov	r3, #0
 2379 05e4 10300BE5 		str	r3, [fp, #-16]
 179:../timer.c    **** 	int pos = t*4;
 2380              		.loc 1 179 0
 2381 05e8 15305BE5 		ldrb	r3, [fp, #-21]	@ zero_extendqisi2
 2382 05ec 0331A0E1 		mov	r3, r3, asl #2
 2383 05f0 14300BE5 		str	r3, [fp, #-20]
 180:../timer.c    **** 	if (t > 0)
 2384              		.loc 1 180 0
 2385 05f4 15305BE5 		ldrb	r3, [fp, #-21]	@ zero_extendqisi2
 2386 05f8 000053E3 		cmp	r3, #0
 2387 05fc 0200000A 		beq	.L59
 181:../timer.c    **** 		pos += 4;
 2388              		.loc 1 181 0
 2389 0600 14301BE5 		ldr	r3, [fp, #-20]
 2390 0604 043083E2 		add	r3, r3, #4
 2391 0608 14300BE5 		str	r3, [fp, #-20]
 2392              	.L59:
 182:../timer.c    **** 
 183:../timer.c    **** 	if ((t >= 0) && (t <= 5) 
 2393              		.loc 1 183 0
 2394 060c 15305BE5 		ldrb	r3, [fp, #-21]	@ zero_extendqisi2
 2395 0610 050053E3 		cmp	r3, #5
 2396 0614 0900008A 		bhi	.L60
 184:../timer.c    **** 			&& (rTCON & (0x1 << pos)))
 2397              		.loc 1 184 0
 2398 0618 34309FE5 		ldr	r3, .L61
 2399 061c 002093E5 		ldr	r2, [r3, #0]
 2400 0620 0110A0E3 		mov	r1, #1
 2401 0624 14301BE5 		ldr	r3, [fp, #-20]
 2402 0628 1133A0E1 		mov	r3, r1, asl r3
 2403 062c 033002E0 		and	r3, r2, r3
 2404 0630 000053E3 		cmp	r3, #0
 2405 0634 0100000A 		beq	.L60
 185:../timer.c    **** 		ret = 1;
 2406              		.loc 1 185 0
 2407 0638 0130A0E3 		mov	r3, #1
 2408 063c 10300BE5 		str	r3, [fp, #-16]
 2409              	.L60:
 186:../timer.c    **** 
 187:../timer.c    **** 	return ret;
 2410              		.loc 1 187 0
 2411 0640 10301BE5 		ldr	r3, [fp, #-16]
 188:../timer.c    **** }
 2412              		.loc 1 188 0
 2413 0644 0300A0E1 		mov	r0, r3
 2414 0648 0CD04BE2 		sub	sp, fp, #12
 2415 064c 00689DE8 		ldmfd	sp, {fp, sp, lr}
 2416 0650 1EFF2FE1 		bx	lr
 2417              	.L62:
 2418              		.align	2
 2419              	.L61:
 2420 0654 0800D501 		.word	30736392
 2421              		.cfi_endproc
 2422              	.LFE7:
 2424              	.Letext0:
DEFINED SYMBOLS
                            *ABS*:00000000 timer.c
C:\Users\GUADAL~1\AppData\Local\Temp\cc5XCfGQ.s:1698   .text:00000000 $a
C:\Users\GUADAL~1\AppData\Local\Temp\cc5XCfGQ.s:1701   .text:00000000 tmr_set_prescaler
C:\Users\GUADAL~1\AppData\Local\Temp\cc5XCfGQ.s:1789   .text:000000d8 $d
C:\Users\GUADAL~1\AppData\Local\Temp\cc5XCfGQ.s:1793   .text:000000dc $a
C:\Users\GUADAL~1\AppData\Local\Temp\cc5XCfGQ.s:1796   .text:000000dc tmr_set_divider
C:\Users\GUADAL~1\AppData\Local\Temp\cc5XCfGQ.s:1905   .text:000001ec $d
C:\Users\GUADAL~1\AppData\Local\Temp\cc5XCfGQ.s:1909   .text:000001f0 $a
C:\Users\GUADAL~1\AppData\Local\Temp\cc5XCfGQ.s:1912   .text:000001f0 tmr_set_count
C:\Users\GUADAL~1\AppData\Local\Temp\cc5XCfGQ.s:1943   .text:00000228 $d
C:\Users\GUADAL~1\AppData\Local\Temp\cc5XCfGQ.s:1951   .text:00000240 $a
C:\Users\GUADAL~1\AppData\Local\Temp\cc5XCfGQ.s:2026   .text:000002f8 $d
C:\Users\GUADAL~1\AppData\Local\Temp\cc5XCfGQ.s:2040   .text:00000324 $a
C:\Users\GUADAL~1\AppData\Local\Temp\cc5XCfGQ.s:2043   .text:00000324 tmr_update
C:\Users\GUADAL~1\AppData\Local\Temp\cc5XCfGQ.s:2114   .text:000003cc $d
C:\Users\GUADAL~1\AppData\Local\Temp\cc5XCfGQ.s:2118   .text:000003d0 $a
C:\Users\GUADAL~1\AppData\Local\Temp\cc5XCfGQ.s:2121   .text:000003d0 tmr_set_mode
C:\Users\GUADAL~1\AppData\Local\Temp\cc5XCfGQ.s:2213   .text:000004b0 $d
C:\Users\GUADAL~1\AppData\Local\Temp\cc5XCfGQ.s:2217   .text:000004b4 $a
C:\Users\GUADAL~1\AppData\Local\Temp\cc5XCfGQ.s:2220   .text:000004b4 tmr_start
C:\Users\GUADAL~1\AppData\Local\Temp\cc5XCfGQ.s:2281   .text:00000538 $d
C:\Users\GUADAL~1\AppData\Local\Temp\cc5XCfGQ.s:2285   .text:0000053c $a
C:\Users\GUADAL~1\AppData\Local\Temp\cc5XCfGQ.s:2288   .text:0000053c tmr_stop
C:\Users\GUADAL~1\AppData\Local\Temp\cc5XCfGQ.s:2350   .text:000005c4 $d
C:\Users\GUADAL~1\AppData\Local\Temp\cc5XCfGQ.s:2354   .text:000005c8 $a
C:\Users\GUADAL~1\AppData\Local\Temp\cc5XCfGQ.s:2357   .text:000005c8 tmr_isrunning
C:\Users\GUADAL~1\AppData\Local\Temp\cc5XCfGQ.s:2420   .text:00000654 $d
                     .debug_frame:00000010 $d

NO UNDEFINED SYMBOLS
